Línea 22: la clase SmartButtonProject.SmartButton del control CmdVerReporte no era una clase de control cargada.
Línea 44: la clase SmartButtonProject.SmartButton del control CmdVerReporte2 no era una clase de control cargada.
Línea 67: la clase SmartButtonProject.SmartButton del control CmdVerReporte3 no era una clase de control cargada.
Línea 90: la clase MSAdodcLib.Adodc del control AdoDepartamento no era una clase de control cargada.
Línea 495: la clase MSComDlg.CommonDialog del control CommonDialog1 no era una clase de control cargada.
Línea 561: la clase SmartButtonProject.SmartButton del control CmdSalir no era una clase de control cargada.
Línea 583: la clase MSComDlg.CommonDialog del control CDRuta no era una clase de control cargada.
Línea 590: la clase XtremeSuiteControls.ProgressBar del control osProgress2 no era una clase de control cargada.
Línea 603: la clase XtremeSuiteControls.ProgressBar del control osProgress1 no era una clase de control cargada.
Línea 617: la clase XtremeSuiteControls.TabControl del control TabControl1 no era una clase de control cargada.
Línea 662: la clase XtremeSuiteControls.GroupBox del control FrameDpto no era una clase de control cargada.
Línea 710: la clase TrueOleDBList80.TDBCombo del control DBDptoIni no era una clase de control cargada.
Línea 857: la clase TrueOleDBList80.TDBCombo del control DBDptoFin no era una clase de control cargada.
Línea 1032: la clase XtremeSuiteControls.GroupBox del control FrameFecha no era una clase de control cargada.
Línea 1044: la clase MSComCtl2.DTPicker del control DtpFechaINI no era una clase de control cargada.
Línea 1056: la clase MSComCtl2.DTPicker del control DTFechaFin no era una clase de control cargada.
Línea 1087: la clase XtremeSuiteControls.GroupBox del control FrameEmpleado no era una clase de control cargada.
Línea 1136: la clase TrueOleDBList80.TDBCombo del control TDBCombo1 no era una clase de control cargada.
Línea 1283: la clase TrueOleDBList80.TDBCombo del control DBEmpleado2 no era una clase de control cargada.
Línea 1490: la clase MSAdodcLib.Adodc del control AdoEmpleados no era una clase de control cargada.
Línea 1537: la clase MSAdodcLib.Adodc del control AdoReportes no era una clase de control cargada.
Línea 1584: la clase MSAdodcLib.Adodc del control AdoConsulta no era una clase de control cargada.
Línea 1631: la clase MSAdodcLib.Adodc del control AdoHorarios no era una clase de control cargada.
Línea 1678: la clase MSAdodcLib.Adodc del control AdoEmpleados2 no era una clase de control cargada.
Línea 1725: la clase MSAdodcLib.Adodc del control AdoBuscaReporte no era una clase de control cargada.
Línea 1772: la clase MSAdodcLib.Adodc del control AdoHorarioAlmuerzo no era una clase de control cargada.
Línea 1819: la clase MSAdodcLib.Adodc del control AdoDatosEmpresa no era una clase de control cargada.
Línea 28: el nombre de la propiedad _ExtentX de CmdVerReporte no es válido.
Línea 29: el nombre de la propiedad _ExtentY de CmdVerReporte no es válido.
Línea 31: el nombre de la propiedad Caption de CmdVerReporte no es válido.
Línea 32: la propiedad Picture de CmdVerReporte tenía una referencia a archivo no válida.
Línea 42: el nombre de la propiedad PictureLayout de CmdVerReporte no es válido.
Línea 51: el nombre de la propiedad _ExtentX de CmdVerReporte2 no es válido.
Línea 52: el nombre de la propiedad _ExtentY de CmdVerReporte2 no es válido.
Línea 54: el nombre de la propiedad Caption de CmdVerReporte2 no es válido.
Línea 55: la propiedad Picture de CmdVerReporte2 tenía una referencia a archivo no válida.
Línea 65: el nombre de la propiedad PictureLayout de CmdVerReporte2 no es válido.
Línea 74: el nombre de la propiedad _ExtentX de CmdVerReporte3 no es válido.
Línea 75: el nombre de la propiedad _ExtentY de CmdVerReporte3 no es válido.
Línea 77: el nombre de la propiedad Caption de CmdVerReporte3 no es válido.
Línea 78: la propiedad Picture de CmdVerReporte3 tenía una referencia a archivo no válida.
Línea 88: el nombre de la propiedad PictureLayout de CmdVerReporte3 no es válido.
Línea 96: el nombre de la propiedad _ExtentX de AdoDepartamento no es válido.
Línea 97: el nombre de la propiedad _ExtentY de AdoDepartamento no es válido.
Línea 98: el nombre de la propiedad ConnectMode de AdoDepartamento no es válido.
Línea 99: el nombre de la propiedad CursorLocation de AdoDepartamento no es válido.
Línea 100: el nombre de la propiedad IsolationLevel de AdoDepartamento no es válido.
Línea 101: el nombre de la propiedad ConnectionTimeout de AdoDepartamento no es válido.
Línea 102: el nombre de la propiedad CommandTimeout de AdoDepartamento no es válido.
Línea 103: el nombre de la propiedad CursorType de AdoDepartamento no es válido.
Línea 104: el nombre de la propiedad LockType de AdoDepartamento no es válido.
Línea 105: el nombre de la propiedad CommandType de AdoDepartamento no es válido.
Línea 106: el nombre de la propiedad CursorOptions de AdoDepartamento no es válido.
Línea 107: el nombre de la propiedad CacheSize de AdoDepartamento no es válido.
Línea 108: el nombre de la propiedad MaxRecords de AdoDepartamento no es válido.
Línea 109: el nombre de la propiedad BOFAction de AdoDepartamento no es válido.
Línea 110: el nombre de la propiedad EOFAction de AdoDepartamento no es válido.
Línea 111: el nombre de la propiedad ConnectStringType de AdoDepartamento no es válido.
Línea 115: el nombre de la propiedad Orientation de AdoDepartamento no es válido.
Línea 117: el nombre de la propiedad Connect de AdoDepartamento no es válido.
Línea 118: el nombre de la propiedad OLEDBString de AdoDepartamento no es válido.
Línea 119: el nombre de la propiedad OLEDBFile de AdoDepartamento no es válido.
Línea 120: el nombre de la propiedad DataSourceName de AdoDepartamento no es válido.
Línea 121: el nombre de la propiedad OtherAttributes de AdoDepartamento no es válido.
Línea 122: el nombre de la propiedad UserName de AdoDepartamento no es válido.
Línea 123: el nombre de la propiedad Password de AdoDepartamento no es válido.
Línea 124: el nombre de la propiedad RecordSource de AdoDepartamento no es válido.
Línea 125: el nombre de la propiedad Caption de AdoDepartamento no es válido.
Línea 135: el nombre de la propiedad _Version de AdoDepartamento no es válido.
Línea 481: la propiedad Picture de Img2 tenía una referencia a archivo no válida.
Línea 489: la propiedad Picture de img1 tenía una referencia a archivo no válida.
Línea 498: el nombre de la propiedad _ExtentX de CommonDialog1 no es válido.
Línea 499: el nombre de la propiedad _ExtentY de CommonDialog1 no es válido.
Línea 500: el nombre de la propiedad _Version de CommonDialog1 no es válido.
Línea 517: la propiedad Picture de Image2 tenía una referencia a archivo no válida.
Línea 567: el nombre de la propiedad _ExtentX de CmdSalir no es válido.
Línea 568: el nombre de la propiedad _ExtentY de CmdSalir no es válido.
Línea 570: el nombre de la propiedad Caption de CmdSalir no es válido.
Línea 571: la propiedad Picture de CmdSalir tenía una referencia a archivo no válida.
Línea 581: el nombre de la propiedad PictureLayout de CmdSalir no es válido.
Línea 586: el nombre de la propiedad _ExtentX de CDRuta no es válido.
Línea 587: el nombre de la propiedad _ExtentY de CDRuta no es válido.
Línea 588: el nombre de la propiedad _Version de CDRuta no es válido.
Línea 597: el nombre de la propiedad _Version de osProgress2 no es válido.
Línea 598: el nombre de la propiedad _ExtentX de osProgress2 no es válido.
Línea 599: el nombre de la propiedad _ExtentY de osProgress2 no es válido.
Línea 600: el nombre de la propiedad _StockProps de osProgress2 no es válido.
Línea 590: no se pudo establecer la propiedad Appearance de osProgress2.
Línea 610: el nombre de la propiedad _Version de osProgress1 no es válido.
Línea 611: el nombre de la propiedad _ExtentX de osProgress1 no es válido.
Línea 612: el nombre de la propiedad _ExtentY de osProgress1 no es válido.
Línea 613: el nombre de la propiedad _StockProps de osProgress1 no es válido.
Línea 614: el nombre de la propiedad Scrolling de osProgress1 no es válido.
Línea 603: no se pudo establecer la propiedad Appearance de osProgress1.
Línea 623: el nombre de la propiedad _Version de TabControl1 no es válido.
Línea 624: el nombre de la propiedad _ExtentX de TabControl1 no es válido.
Línea 625: el nombre de la propiedad _ExtentY de TabControl1 no es válido.
Línea 626: el nombre de la propiedad _StockProps de TabControl1 no es válido.
Línea 628: el nombre de la propiedad Color de TabControl1 no es válido.
Línea 629: el nombre de la propiedad PaintManager.BoldSelected de TabControl1 no es válido.
Línea 630: el nombre de la propiedad PaintManager.DisableLunaColors de TabControl1 no es válido.
Línea 631: el nombre de la propiedad PaintManager.OneNoteColors de TabControl1 no es válido.
Línea 632: el nombre de la propiedad PaintManager.ShowIcons de TabControl1 no es válido.
Línea 633: el nombre de la propiedad ItemCount de TabControl1 no es válido.
Línea 634: el nombre de la propiedad Item(0).Caption de TabControl1 no es válido.
Línea 635: el nombre de la propiedad Item(0).ControlCount de TabControl1 no es válido.
Línea 636: el nombre de la propiedad Item(0).Control(0) de TabControl1 no es válido.
Línea 637: el nombre de la propiedad Item(0).Control(1) de TabControl1 no es válido.
Línea 638: el nombre de la propiedad Item(0).Control(2) de TabControl1 no es válido.
Línea 639: el nombre de la propiedad Item(0).Control(3) de TabControl1 no es válido.
Línea 640: el nombre de la propiedad Item(0).Control(4) de TabControl1 no es válido.
Línea 641: el nombre de la propiedad Item(0).Control(5) de TabControl1 no es válido.
Línea 642: el nombre de la propiedad Item(0).Control(6) de TabControl1 no es válido.
Línea 643: el nombre de la propiedad Item(0).Control(7) de TabControl1 no es válido.
Línea 617: no se pudo establecer la propiedad Appearance de TabControl1.
Línea 668: el nombre de la propiedad _Version de FrameDpto no es válido.
Línea 669: el nombre de la propiedad _ExtentX de FrameDpto no es válido.
Línea 670: el nombre de la propiedad _ExtentY de FrameDpto no es válido.
Línea 671: el nombre de la propiedad _StockProps de FrameDpto no es válido.
Línea 672: el nombre de la propiedad Caption de FrameDpto no es válido.
Línea 673: el nombre de la propiedad UseVisualStyle de FrameDpto no es válido.
Línea 686: la propiedad Picture de Command1 tenía una referencia a archivo no válida.
Línea 704: la propiedad Picture de CmdBuscaCuenta tenía una referencia a archivo no válida.
Línea 711: el nombre de la propiedad Bindings de DBDptoIni no es válido.
Línea 717: el nombre de la propiedad _ExtentX de DBDptoIni no es válido.
Línea 718: el nombre de la propiedad _ExtentY de DBDptoIni no es válido.
Línea 719: el nombre de la propiedad _LayoutType de DBDptoIni no es válido.
Línea 720: el nombre de la propiedad _RowHeight de DBDptoIni no es válido.
Línea 721: el nombre de la propiedad _WasPersistedAsPixels de DBDptoIni no es válido.
Línea 722: el nombre de la propiedad _DropdownWidth de DBDptoIni no es válido.
Línea 723: el nombre de la propiedad _EDITHEIGHT de DBDptoIni no es válido.
Línea 724: el nombre de la propiedad _GAPHEIGHT de DBDptoIni no es válido.
Línea 725: el nombre de la propiedad Columns(0)._VlistStyle de DBDptoIni no es válido.
Línea 726: el nombre de la propiedad Columns(0)._MaxComboItems de DBDptoIni no es válido.
Línea 727: el nombre de la propiedad Columns(0).DataField de DBDptoIni no es válido.
Línea 728: el nombre de la propiedad Columns(0)._PropDict de DBDptoIni no es válido.
Línea 729: el nombre de la propiedad Columns(1)._VlistStyle de DBDptoIni no es válido.
Línea 730: el nombre de la propiedad Columns(1)._MaxComboItems de DBDptoIni no es válido.
Línea 731: el nombre de la propiedad Columns(1).DataField de DBDptoIni no es válido.
Línea 732: el nombre de la propiedad Columns(1)._PropDict de DBDptoIni no es válido.
Línea 733: el nombre de la propiedad Columns.Count de DBDptoIni no es válido.
Línea 734: el nombre de la propiedad Splits(0)._UserFlags de DBDptoIni no es válido.
Línea 735: el nombre de la propiedad Splits(0).ExtendRightColumn de DBDptoIni no es válido.
Línea 736: el nombre de la propiedad Splits(0).AllowRowSizing de DBDptoIni no es válido.
Línea 737: el nombre de la propiedad Splits(0)._PropDict de DBDptoIni no es válido.
Línea 738: el nombre de la propiedad Splits(0)._ColumnProps(0) de DBDptoIni no es válido.
Línea 739: el nombre de la propiedad Splits(0)._ColumnProps(1) de DBDptoIni no es válido.
Línea 740: el nombre de la propiedad Splits(0)._ColumnProps(2) de DBDptoIni no es válido.
Línea 741: el nombre de la propiedad Splits(0)._ColumnProps(3) de DBDptoIni no es válido.
Línea 742: el nombre de la propiedad Splits(0)._ColumnProps(4) de DBDptoIni no es válido.
Línea 743: el nombre de la propiedad Splits(0)._ColumnProps(5) de DBDptoIni no es válido.
Línea 744: el nombre de la propiedad Splits(0)._ColumnProps(6) de DBDptoIni no es válido.
Línea 745: el nombre de la propiedad Splits(0)._ColumnProps(7) de DBDptoIni no es válido.
Línea 746: el nombre de la propiedad Splits(0)._ColumnProps(8) de DBDptoIni no es válido.
Línea 747: el nombre de la propiedad Splits(0)._ColumnProps(9) de DBDptoIni no es válido.
Línea 748: el nombre de la propiedad Splits(0)._ColumnProps(10) de DBDptoIni no es válido.
Línea 749: el nombre de la propiedad Splits.Count de DBDptoIni no es válido.
Línea 752: el nombre de la propiedad ComboStyle de DBDptoIni no es válido.
Línea 753: el nombre de la propiedad AutoCompletion de DBDptoIni no es válido.
Línea 754: el nombre de la propiedad LimitToList de DBDptoIni no es válido.
Línea 755: el nombre de la propiedad ColumnHeaders de DBDptoIni no es válido.
Línea 756: el nombre de la propiedad ColumnFooters de DBDptoIni no es válido.
Línea 757: el nombre de la propiedad DataMode de DBDptoIni no es válido.
Línea 758: el nombre de la propiedad DefColWidth de DBDptoIni no es válido.
Línea 760: el nombre de la propiedad HeadLines de DBDptoIni no es válido.
Línea 761: el nombre de la propiedad FootLines de DBDptoIni no es válido.
Línea 762: el nombre de la propiedad RowDividerStyle de DBDptoIni no es válido.
Línea 763: el nombre de la propiedad Caption de DBDptoIni no es válido.
Línea 764: el nombre de la propiedad EditFont de DBDptoIni no es válido.
Línea 765: el nombre de la propiedad LayoutName de DBDptoIni no es válido.
Línea 766: el nombre de la propiedad LayoutFileName de DBDptoIni no es válido.
Línea 767: el nombre de la propiedad MultipleLines de DBDptoIni no es válido.
Línea 768: el nombre de la propiedad EmptyRows de DBDptoIni no es válido.
Línea 769: el nombre de la propiedad CellTips de DBDptoIni no es válido.
Línea 771: el nombre de la propiedad ListField de DBDptoIni no es válido.
Línea 772: el nombre de la propiedad BoundColumn de DBDptoIni no es válido.
Línea 773: el nombre de la propiedad IntegralHeight de DBDptoIni no es válido.
Línea 774: el nombre de la propiedad CellTipsWidth de DBDptoIni no es válido.
Línea 775: el nombre de la propiedad CellTipsDelay de DBDptoIni no es válido.
Línea 776: el nombre de la propiedad AutoDropdown de DBDptoIni no es válido.
Línea 777: el nombre de la propiedad RowTracking de DBDptoIni no es válido.
Línea 779: el nombre de la propiedad RowMember de DBDptoIni no es válido.
Línea 780: la propiedad MouseIcon de DBDptoIni tenía un valor no válido.
Línea 781: el nombre de la propiedad MouseIcon.vt de DBDptoIni no es válido.
Línea 783: el nombre de la propiedad MatchEntryTimeout de DBDptoIni no es válido.
Línea 786: el nombre de la propiedad AnimateWindow de DBDptoIni no es válido.
Línea 787: el nombre de la propiedad AnimateWindowDirection de DBDptoIni no es válido.
Línea 788: el nombre de la propiedad AnimateWindowTime de DBDptoIni no es válido.
Línea 789: el nombre de la propiedad AnimateWindowClose de DBDptoIni no es válido.
Línea 790: el nombre de la propiedad DropdownPosition de DBDptoIni no es válido.
Línea 791: el nombre de la propiedad Locked de DBDptoIni no es válido.
Línea 792: el nombre de la propiedad ScrollTrack de DBDptoIni no es válido.
Línea 793: el nombre de la propiedad RowDividerColor de DBDptoIni no es válido.
Línea 794: el nombre de la propiedad RowSubDividerColor de DBDptoIni no es válido.
Línea 795: el nombre de la propiedad AddItemSeparator de DBDptoIni no es válido.
Línea 796: el nombre de la propiedad _PropDict de DBDptoIni no es válido.
Línea 797: el nombre de la propiedad _StyleDefs(0) de DBDptoIni no es válido.
Línea 798: el nombre de la propiedad _StyleDefs(1) de DBDptoIni no es válido.
Línea 799: el nombre de la propiedad _StyleDefs(2) de DBDptoIni no es válido.
Línea 800: el nombre de la propiedad _StyleDefs(3) de DBDptoIni no es válido.
Línea 801: el nombre de la propiedad _StyleDefs(4) de DBDptoIni no es válido.
Línea 802: el nombre de la propiedad _StyleDefs(5) de DBDptoIni no es válido.
Línea 803: el nombre de la propiedad _StyleDefs(6) de DBDptoIni no es válido.
Línea 804: el nombre de la propiedad _StyleDefs(7) de DBDptoIni no es válido.
Línea 805: el nombre de la propiedad _StyleDefs(8) de DBDptoIni no es válido.
Línea 806: el nombre de la propiedad _StyleDefs(9) de DBDptoIni no es válido.
Línea 807: el nombre de la propiedad _StyleDefs(10) de DBDptoIni no es válido.
Línea 808: el nombre de la propiedad _StyleDefs(11) de DBDptoIni no es válido.
Línea 809: el nombre de la propiedad _StyleDefs(12) de DBDptoIni no es válido.
Línea 810: el nombre de la propiedad _StyleDefs(13) de DBDptoIni no es válido.
Línea 811: el nombre de la propiedad _StyleDefs(14) de DBDptoIni no es válido.
Línea 812: el nombre de la propiedad _StyleDefs(15) de DBDptoIni no es válido.
Línea 813: el nombre de la propiedad _StyleDefs(16) de DBDptoIni no es válido.
Línea 814: el nombre de la propiedad _StyleDefs(17) de DBDptoIni no es válido.
Línea 815: el nombre de la propiedad _StyleDefs(18) de DBDptoIni no es válido.
Línea 816: el nombre de la propiedad _StyleDefs(19) de DBDptoIni no es válido.
Línea 817: el nombre de la propiedad _StyleDefs(20) de DBDptoIni no es válido.
Línea 818: el nombre de la propiedad _StyleDefs(21) de DBDptoIni no es válido.
Línea 819: el nombre de la propiedad _StyleDefs(22) de DBDptoIni no es válido.
Línea 820: el nombre de la propiedad _StyleDefs(23) de DBDptoIni no es válido.
Línea 821: el nombre de la propiedad _StyleDefs(24) de DBDptoIni no es válido.
Línea 822: el nombre de la propiedad _StyleDefs(25) de DBDptoIni no es válido.
Línea 823: el nombre de la propiedad _StyleDefs(26) de DBDptoIni no es válido.
Línea 824: el nombre de la propiedad _StyleDefs(27) de DBDptoIni no es válido.
Línea 825: el nombre de la propiedad _StyleDefs(28) de DBDptoIni no es válido.
Línea 826: el nombre de la propiedad _StyleDefs(29) de DBDptoIni no es válido.
Línea 827: el nombre de la propiedad _StyleDefs(30) de DBDptoIni no es válido.
Línea 828: el nombre de la propiedad _StyleDefs(31) de DBDptoIni no es válido.
Línea 829: el nombre de la propiedad _StyleDefs(32) de DBDptoIni no es válido.
Línea 830: el nombre de la propiedad _StyleDefs(33) de DBDptoIni no es válido.
Línea 831: el nombre de la propiedad _StyleDefs(34) de DBDptoIni no es válido.
Línea 832: el nombre de la propiedad _StyleDefs(35) de DBDptoIni no es válido.
Línea 833: el nombre de la propiedad _StyleDefs(36) de DBDptoIni no es válido.
Línea 834: el nombre de la propiedad _StyleDefs(37) de DBDptoIni no es válido.
Línea 835: el nombre de la propiedad _StyleDefs(38) de DBDptoIni no es válido.
Línea 836: el nombre de la propiedad _StyleDefs(39) de DBDptoIni no es válido.
Línea 837: el nombre de la propiedad _StyleDefs(40) de DBDptoIni no es válido.
Línea 838: el nombre de la propiedad _StyleDefs(41) de DBDptoIni no es válido.
Línea 839: el nombre de la propiedad _StyleDefs(42) de DBDptoIni no es válido.
Línea 840: el nombre de la propiedad _StyleDefs(43) de DBDptoIni no es válido.
Línea 841: el nombre de la propiedad _StyleDefs(44) de DBDptoIni no es válido.
Línea 842: el nombre de la propiedad _StyleDefs(45) de DBDptoIni no es válido.
Línea 843: el nombre de la propiedad _StyleDefs(46) de DBDptoIni no es válido.
Línea 844: el nombre de la propiedad _StyleDefs(47) de DBDptoIni no es válido.
Línea 845: el nombre de la propiedad _StyleDefs(48) de DBDptoIni no es válido.
Línea 846: el nombre de la propiedad _StyleDefs(49) de DBDptoIni no es válido.
Línea 847: el nombre de la propiedad _StyleDefs(50) de DBDptoIni no es válido.
Línea 848: el nombre de la propiedad _StyleDefs(51) de DBDptoIni no es válido.
Línea 849: el nombre de la propiedad _StyleDefs(52) de DBDptoIni no es válido.
Línea 850: el nombre de la propiedad _StyleDefs(53) de DBDptoIni no es válido.
Línea 851: el nombre de la propiedad _StyleDefs(54) de DBDptoIni no es válido.
Línea 852: el nombre de la propiedad _StyleDefs(55) de DBDptoIni no es válido.
Línea 853: el nombre de la propiedad _StyleDefs(56) de DBDptoIni no es válido.
Línea 854: el nombre de la propiedad _StyleDefs(57) de DBDptoIni no es válido.
Línea 855: el nombre de la propiedad _StyleDefs(58) de DBDptoIni no es válido.
Línea 858: el nombre de la propiedad Bindings de DBDptoFin no es válido.
Línea 864: el nombre de la propiedad _ExtentX de DBDptoFin no es válido.
Línea 865: el nombre de la propiedad _ExtentY de DBDptoFin no es válido.
Línea 866: el nombre de la propiedad _LayoutType de DBDptoFin no es válido.
Línea 867: el nombre de la propiedad _RowHeight de DBDptoFin no es válido.
Línea 868: el nombre de la propiedad _WasPersistedAsPixels de DBDptoFin no es válido.
Línea 869: el nombre de la propiedad _DropdownWidth de DBDptoFin no es válido.
Línea 870: el nombre de la propiedad _EDITHEIGHT de DBDptoFin no es válido.
Línea 871: el nombre de la propiedad _GAPHEIGHT de DBDptoFin no es válido.
Línea 872: el nombre de la propiedad Columns(0)._VlistStyle de DBDptoFin no es válido.
Línea 873: el nombre de la propiedad Columns(0)._MaxComboItems de DBDptoFin no es válido.
Línea 874: el nombre de la propiedad Columns(0).DataField de DBDptoFin no es válido.
Línea 875: el nombre de la propiedad Columns(0)._PropDict de DBDptoFin no es válido.
Línea 876: el nombre de la propiedad Columns(1)._VlistStyle de DBDptoFin no es válido.
Línea 877: el nombre de la propiedad Columns(1)._MaxComboItems de DBDptoFin no es válido.
Línea 878: el nombre de la propiedad Columns(1).DataField de DBDptoFin no es válido.
Línea 879: el nombre de la propiedad Columns(1)._PropDict de DBDptoFin no es válido.
Línea 880: el nombre de la propiedad Columns.Count de DBDptoFin no es válido.
Línea 881: el nombre de la propiedad Splits(0)._UserFlags de DBDptoFin no es válido.
Línea 882: el nombre de la propiedad Splits(0).ExtendRightColumn de DBDptoFin no es válido.
Línea 883: el nombre de la propiedad Splits(0).AllowRowSizing de DBDptoFin no es válido.
Línea 884: el nombre de la propiedad Splits(0)._PropDict de DBDptoFin no es válido.
Línea 885: el nombre de la propiedad Splits(0)._ColumnProps(0) de DBDptoFin no es válido.
Línea 886: el nombre de la propiedad Splits(0)._ColumnProps(1) de DBDptoFin no es válido.
Línea 887: el nombre de la propiedad Splits(0)._ColumnProps(2) de DBDptoFin no es válido.
Línea 888: el nombre de la propiedad Splits(0)._ColumnProps(3) de DBDptoFin no es válido.
Línea 889: el nombre de la propiedad Splits(0)._ColumnProps(4) de DBDptoFin no es válido.
Línea 890: el nombre de la propiedad Splits(0)._ColumnProps(5) de DBDptoFin no es válido.
Línea 891: el nombre de la propiedad Splits(0)._ColumnProps(6) de DBDptoFin no es válido.
Línea 892: el nombre de la propiedad Splits(0)._ColumnProps(7) de DBDptoFin no es válido.
Línea 893: el nombre de la propiedad Splits(0)._ColumnProps(8) de DBDptoFin no es válido.
Línea 894: el nombre de la propiedad Splits(0)._ColumnProps(9) de DBDptoFin no es válido.
Línea 895: el nombre de la propiedad Splits(0)._ColumnProps(10) de DBDptoFin no es válido.
Línea 896: el nombre de la propiedad Splits.Count de DBDptoFin no es válido.
Línea 899: el nombre de la propiedad ComboStyle de DBDptoFin no es válido.
Línea 900: el nombre de la propiedad AutoCompletion de DBDptoFin no es válido.
Línea 901: el nombre de la propiedad LimitToList de DBDptoFin no es válido.
Línea 902: el nombre de la propiedad ColumnHeaders de DBDptoFin no es válido.
Línea 903: el nombre de la propiedad ColumnFooters de DBDptoFin no es válido.
Línea 904: el nombre de la propiedad DataMode de DBDptoFin no es válido.
Línea 905: el nombre de la propiedad DefColWidth de DBDptoFin no es válido.
Línea 907: el nombre de la propiedad HeadLines de DBDptoFin no es válido.
Línea 908: el nombre de la propiedad FootLines de DBDptoFin no es válido.
Línea 909: el nombre de la propiedad RowDividerStyle de DBDptoFin no es válido.
Línea 910: el nombre de la propiedad Caption de DBDptoFin no es válido.
Línea 911: el nombre de la propiedad EditFont de DBDptoFin no es válido.
Línea 912: el nombre de la propiedad LayoutName de DBDptoFin no es válido.
Línea 913: el nombre de la propiedad LayoutFileName de DBDptoFin no es válido.
Línea 914: el nombre de la propiedad MultipleLines de DBDptoFin no es válido.
Línea 915: el nombre de la propiedad EmptyRows de DBDptoFin no es válido.
Línea 916: el nombre de la propiedad CellTips de DBDptoFin no es válido.
Línea 918: el nombre de la propiedad ListField de DBDptoFin no es válido.
Línea 919: el nombre de la propiedad BoundColumn de DBDptoFin no es válido.
Línea 920: el nombre de la propiedad IntegralHeight de DBDptoFin no es válido.
Línea 921: el nombre de la propiedad CellTipsWidth de DBDptoFin no es válido.
Línea 922: el nombre de la propiedad CellTipsDelay de DBDptoFin no es válido.
Línea 923: el nombre de la propiedad AutoDropdown de DBDptoFin no es válido.
Línea 924: el nombre de la propiedad RowTracking de DBDptoFin no es válido.
Línea 926: el nombre de la propiedad RowMember de DBDptoFin no es válido.
Línea 927: la propiedad MouseIcon de DBDptoFin tenía un valor no válido.
Línea 928: el nombre de la propiedad MouseIcon.vt de DBDptoFin no es válido.
Línea 930: el nombre de la propiedad MatchEntryTimeout de DBDptoFin no es válido.
Línea 933: el nombre de la propiedad AnimateWindow de DBDptoFin no es válido.
Línea 934: el nombre de la propiedad AnimateWindowDirection de DBDptoFin no es válido.
Línea 935: el nombre de la propiedad AnimateWindowTime de DBDptoFin no es válido.
Línea 936: el nombre de la propiedad AnimateWindowClose de DBDptoFin no es válido.
Línea 937: el nombre de la propiedad DropdownPosition de DBDptoFin no es válido.
Línea 938: el nombre de la propiedad Locked de DBDptoFin no es válido.
Línea 939: el nombre de la propiedad ScrollTrack de DBDptoFin no es válido.
Línea 940: el nombre de la propiedad RowDividerColor de DBDptoFin no es válido.
Línea 941: el nombre de la propiedad RowSubDividerColor de DBDptoFin no es válido.
Línea 942: el nombre de la propiedad AddItemSeparator de DBDptoFin no es válido.
Línea 943: el nombre de la propiedad _PropDict de DBDptoFin no es válido.
Línea 944: el nombre de la propiedad _StyleDefs(0) de DBDptoFin no es válido.
Línea 945: el nombre de la propiedad _StyleDefs(1) de DBDptoFin no es válido.
Línea 946: el nombre de la propiedad _StyleDefs(2) de DBDptoFin no es válido.
Línea 947: el nombre de la propiedad _StyleDefs(3) de DBDptoFin no es válido.
Línea 948: el nombre de la propiedad _StyleDefs(4) de DBDptoFin no es válido.
Línea 949: el nombre de la propiedad _StyleDefs(5) de DBDptoFin no es válido.
Línea 950: el nombre de la propiedad _StyleDefs(6) de DBDptoFin no es válido.
Línea 951: el nombre de la propiedad _StyleDefs(7) de DBDptoFin no es válido.
Línea 952: el nombre de la propiedad _StyleDefs(8) de DBDptoFin no es válido.
Línea 953: el nombre de la propiedad _StyleDefs(9) de DBDptoFin no es válido.
Línea 954: el nombre de la propiedad _StyleDefs(10) de DBDptoFin no es válido.
Línea 955: el nombre de la propiedad _StyleDefs(11) de DBDptoFin no es válido.
Línea 956: el nombre de la propiedad _StyleDefs(12) de DBDptoFin no es válido.
Línea 957: el nombre de la propiedad _StyleDefs(13) de DBDptoFin no es válido.
Línea 958: el nombre de la propiedad _StyleDefs(14) de DBDptoFin no es válido.
Línea 959: el nombre de la propiedad _StyleDefs(15) de DBDptoFin no es válido.
Línea 960: el nombre de la propiedad _StyleDefs(16) de DBDptoFin no es válido.
Línea 961: el nombre de la propiedad _StyleDefs(17) de DBDptoFin no es válido.
Línea 962: el nombre de la propiedad _StyleDefs(18) de DBDptoFin no es válido.
Línea 963: el nombre de la propiedad _StyleDefs(19) de DBDptoFin no es válido.
Línea 964: el nombre de la propiedad _StyleDefs(20) de DBDptoFin no es válido.
Línea 965: el nombre de la propiedad _StyleDefs(21) de DBDptoFin no es válido.
Línea 966: el nombre de la propiedad _StyleDefs(22) de DBDptoFin no es válido.
Línea 967: el nombre de la propiedad _StyleDefs(23) de DBDptoFin no es válido.
Línea 968: el nombre de la propiedad _StyleDefs(24) de DBDptoFin no es válido.
Línea 969: el nombre de la propiedad _StyleDefs(25) de DBDptoFin no es válido.
Línea 970: el nombre de la propiedad _StyleDefs(26) de DBDptoFin no es válido.
Línea 971: el nombre de la propiedad _StyleDefs(27) de DBDptoFin no es válido.
Línea 972: el nombre de la propiedad _StyleDefs(28) de DBDptoFin no es válido.
Línea 973: el nombre de la propiedad _StyleDefs(29) de DBDptoFin no es válido.
Línea 974: el nombre de la propiedad _StyleDefs(30) de DBDptoFin no es válido.
Línea 975: el nombre de la propiedad _StyleDefs(31) de DBDptoFin no es válido.
Línea 976: el nombre de la propiedad _StyleDefs(32) de DBDptoFin no es válido.
Línea 977: el nombre de la propiedad _StyleDefs(33) de DBDptoFin no es válido.
Línea 978: el nombre de la propiedad _StyleDefs(34) de DBDptoFin no es válido.
Línea 979: el nombre de la propiedad _StyleDefs(35) de DBDptoFin no es válido.
Línea 980: el nombre de la propiedad _StyleDefs(36) de DBDptoFin no es válido.
Línea 981: el nombre de la propiedad _StyleDefs(37) de DBDptoFin no es válido.
Línea 982: el nombre de la propiedad _StyleDefs(38) de DBDptoFin no es válido.
Línea 983: el nombre de la propiedad _StyleDefs(39) de DBDptoFin no es válido.
Línea 984: el nombre de la propiedad _StyleDefs(40) de DBDptoFin no es válido.
Línea 985: el nombre de la propiedad _StyleDefs(41) de DBDptoFin no es válido.
Línea 986: el nombre de la propiedad _StyleDefs(42) de DBDptoFin no es válido.
Línea 987: el nombre de la propiedad _StyleDefs(43) de DBDptoFin no es válido.
Línea 988: el nombre de la propiedad _StyleDefs(44) de DBDptoFin no es válido.
Línea 989: el nombre de la propiedad _StyleDefs(45) de DBDptoFin no es válido.
Línea 990: el nombre de la propiedad _StyleDefs(46) de DBDptoFin no es válido.
Línea 991: el nombre de la propiedad _StyleDefs(47) de DBDptoFin no es válido.
Línea 992: el nombre de la propiedad _StyleDefs(48) de DBDptoFin no es válido.
Línea 993: el nombre de la propiedad _StyleDefs(49) de DBDptoFin no es válido.
Línea 994: el nombre de la propiedad _StyleDefs(50) de DBDptoFin no es válido.
Línea 995: el nombre de la propiedad _StyleDefs(51) de DBDptoFin no es válido.
Línea 996: el nombre de la propiedad _StyleDefs(52) de DBDptoFin no es válido.
Línea 997: el nombre de la propiedad _StyleDefs(53) de DBDptoFin no es válido.
Línea 998: el nombre de la propiedad _StyleDefs(54) de DBDptoFin no es válido.
Línea 999: el nombre de la propiedad _StyleDefs(55) de DBDptoFin no es válido.
Línea 1000: el nombre de la propiedad _StyleDefs(56) de DBDptoFin no es válido.
Línea 1001: el nombre de la propiedad _StyleDefs(57) de DBDptoFin no es válido.
Línea 1002: el nombre de la propiedad _StyleDefs(58) de DBDptoFin no es válido.
Línea 1025: la propiedad ItemData de CmbReportes tenía una referencia a archivo no válida.
Línea 1027: la propiedad List de CmbReportes tenía una referencia a archivo no válida.
Línea 1039: el nombre de la propiedad _Version de FrameFecha no es válido.
Línea 1040: el nombre de la propiedad _ExtentX de FrameFecha no es válido.
Línea 1041: el nombre de la propiedad _ExtentY de FrameFecha no es válido.
Línea 1042: el nombre de la propiedad _StockProps de FrameFecha no es válido.
Línea 1043: el nombre de la propiedad UseVisualStyle de FrameFecha no es válido.
Línea 1050: el nombre de la propiedad _ExtentX de DtpFechaINI no es válido.
Línea 1051: el nombre de la propiedad _ExtentY de DtpFechaINI no es válido.
Línea 1052: el nombre de la propiedad _Version de DtpFechaINI no es válido.
Línea 1053: el nombre de la propiedad Format de DtpFechaINI no es válido.
Línea 1054: el nombre de la propiedad CurrentDate de DtpFechaINI no es válido.
Línea 1062: el nombre de la propiedad _ExtentX de DTFechaFin no es válido.
Línea 1063: el nombre de la propiedad _ExtentY de DTFechaFin no es válido.
Línea 1064: el nombre de la propiedad _Version de DTFechaFin no es válido.
Línea 1065: el nombre de la propiedad Format de DTFechaFin no es válido.
Línea 1066: el nombre de la propiedad CurrentDate de DTFechaFin no es válido.
Línea 1094: el nombre de la propiedad _Version de FrameEmpleado no es válido.
Línea 1095: el nombre de la propiedad _ExtentX de FrameEmpleado no es válido.
Línea 1096: el nombre de la propiedad _ExtentY de FrameEmpleado no es válido.
Línea 1097: el nombre de la propiedad _StockProps de FrameEmpleado no es válido.
Línea 1098: el nombre de la propiedad Caption de FrameEmpleado no es válido.
Línea 1099: el nombre de la propiedad UseVisualStyle de FrameEmpleado no es válido.
Línea 1112: la propiedad Picture de Command3 tenía una referencia a archivo no válida.
Línea 1130: la propiedad Picture de Command2 tenía una referencia a archivo no válida.
Línea 1137: el nombre de la propiedad Bindings de TDBCombo1 no es válido.
Línea 1143: el nombre de la propiedad _ExtentX de TDBCombo1 no es válido.
Línea 1144: el nombre de la propiedad _ExtentY de TDBCombo1 no es válido.
Línea 1145: el nombre de la propiedad _LayoutType de TDBCombo1 no es válido.
Línea 1146: el nombre de la propiedad _RowHeight de TDBCombo1 no es válido.
Línea 1147: el nombre de la propiedad _WasPersistedAsPixels de TDBCombo1 no es válido.
Línea 1148: el nombre de la propiedad _DropdownWidth de TDBCombo1 no es válido.
Línea 1149: el nombre de la propiedad _EDITHEIGHT de TDBCombo1 no es válido.
Línea 1150: el nombre de la propiedad _GAPHEIGHT de TDBCombo1 no es válido.
Línea 1151: el nombre de la propiedad Columns(0)._VlistStyle de TDBCombo1 no es válido.
Línea 1152: el nombre de la propiedad Columns(0)._MaxComboItems de TDBCombo1 no es válido.
Línea 1153: el nombre de la propiedad Columns(0).DataField de TDBCombo1 no es válido.
Línea 1154: el nombre de la propiedad Columns(0)._PropDict de TDBCombo1 no es válido.
Línea 1155: el nombre de la propiedad Columns(1)._VlistStyle de TDBCombo1 no es válido.
Línea 1156: el nombre de la propiedad Columns(1)._MaxComboItems de TDBCombo1 no es válido.
Línea 1157: el nombre de la propiedad Columns(1).DataField de TDBCombo1 no es válido.
Línea 1158: el nombre de la propiedad Columns(1)._PropDict de TDBCombo1 no es válido.
Línea 1159: el nombre de la propiedad Columns.Count de TDBCombo1 no es válido.
Línea 1160: el nombre de la propiedad Splits(0)._UserFlags de TDBCombo1 no es válido.
Línea 1161: el nombre de la propiedad Splits(0).ExtendRightColumn de TDBCombo1 no es válido.
Línea 1162: el nombre de la propiedad Splits(0).AllowRowSizing de TDBCombo1 no es válido.
Línea 1163: el nombre de la propiedad Splits(0)._PropDict de TDBCombo1 no es válido.
Línea 1164: el nombre de la propiedad Splits(0)._ColumnProps(0) de TDBCombo1 no es válido.
Línea 1165: el nombre de la propiedad Splits(0)._ColumnProps(1) de TDBCombo1 no es válido.
Línea 1166: el nombre de la propiedad Splits(0)._ColumnProps(2) de TDBCombo1 no es válido.
Línea 1167: el nombre de la propiedad Splits(0)._ColumnProps(3) de TDBCombo1 no es válido.
Línea 1168: el nombre de la propiedad Splits(0)._ColumnProps(4) de TDBCombo1 no es válido.
Línea 1169: el nombre de la propiedad Splits(0)._ColumnProps(5) de TDBCombo1 no es válido.
Línea 1170: el nombre de la propiedad Splits(0)._ColumnProps(6) de TDBCombo1 no es válido.
Línea 1171: el nombre de la propiedad Splits(0)._ColumnProps(7) de TDBCombo1 no es válido.
Línea 1172: el nombre de la propiedad Splits(0)._ColumnProps(8) de TDBCombo1 no es válido.
Línea 1173: el nombre de la propiedad Splits(0)._ColumnProps(9) de TDBCombo1 no es válido.
Línea 1174: el nombre de la propiedad Splits(0)._ColumnProps(10) de TDBCombo1 no es válido.
Línea 1175: el nombre de la propiedad Splits.Count de TDBCombo1 no es válido.
Línea 1178: el nombre de la propiedad ComboStyle de TDBCombo1 no es válido.
Línea 1179: el nombre de la propiedad AutoCompletion de TDBCombo1 no es válido.
Línea 1180: el nombre de la propiedad LimitToList de TDBCombo1 no es válido.
Línea 1181: el nombre de la propiedad ColumnHeaders de TDBCombo1 no es válido.
Línea 1182: el nombre de la propiedad ColumnFooters de TDBCombo1 no es válido.
Línea 1183: el nombre de la propiedad DataMode de TDBCombo1 no es válido.
Línea 1184: el nombre de la propiedad DefColWidth de TDBCombo1 no es válido.
Línea 1186: el nombre de la propiedad HeadLines de TDBCombo1 no es válido.
Línea 1187: el nombre de la propiedad FootLines de TDBCombo1 no es válido.
Línea 1188: el nombre de la propiedad RowDividerStyle de TDBCombo1 no es válido.
Línea 1189: el nombre de la propiedad Caption de TDBCombo1 no es válido.
Línea 1190: el nombre de la propiedad EditFont de TDBCombo1 no es válido.
Línea 1191: el nombre de la propiedad LayoutName de TDBCombo1 no es válido.
Línea 1192: el nombre de la propiedad LayoutFileName de TDBCombo1 no es válido.
Línea 1193: el nombre de la propiedad MultipleLines de TDBCombo1 no es válido.
Línea 1194: el nombre de la propiedad EmptyRows de TDBCombo1 no es válido.
Línea 1195: el nombre de la propiedad CellTips de TDBCombo1 no es válido.
Línea 1197: el nombre de la propiedad ListField de TDBCombo1 no es válido.
Línea 1198: el nombre de la propiedad BoundColumn de TDBCombo1 no es válido.
Línea 1199: el nombre de la propiedad IntegralHeight de TDBCombo1 no es válido.
Línea 1200: el nombre de la propiedad CellTipsWidth de TDBCombo1 no es válido.
Línea 1201: el nombre de la propiedad CellTipsDelay de TDBCombo1 no es válido.
Línea 1202: el nombre de la propiedad AutoDropdown de TDBCombo1 no es válido.
Línea 1203: el nombre de la propiedad RowTracking de TDBCombo1 no es válido.
Línea 1205: el nombre de la propiedad RowMember de TDBCombo1 no es válido.
Línea 1206: la propiedad MouseIcon de TDBCombo1 tenía un valor no válido.
Línea 1207: el nombre de la propiedad MouseIcon.vt de TDBCombo1 no es válido.
Línea 1209: el nombre de la propiedad MatchEntryTimeout de TDBCombo1 no es válido.
Línea 1212: el nombre de la propiedad AnimateWindow de TDBCombo1 no es válido.
Línea 1213: el nombre de la propiedad AnimateWindowDirection de TDBCombo1 no es válido.
Línea 1214: el nombre de la propiedad AnimateWindowTime de TDBCombo1 no es válido.
Línea 1215: el nombre de la propiedad AnimateWindowClose de TDBCombo1 no es válido.
Línea 1216: el nombre de la propiedad DropdownPosition de TDBCombo1 no es válido.
Línea 1217: el nombre de la propiedad Locked de TDBCombo1 no es válido.
Línea 1218: el nombre de la propiedad ScrollTrack de TDBCombo1 no es válido.
Línea 1219: el nombre de la propiedad RowDividerColor de TDBCombo1 no es válido.
Línea 1220: el nombre de la propiedad RowSubDividerColor de TDBCombo1 no es válido.
Línea 1221: el nombre de la propiedad AddItemSeparator de TDBCombo1 no es válido.
Línea 1222: el nombre de la propiedad _PropDict de TDBCombo1 no es válido.
Línea 1223: el nombre de la propiedad _StyleDefs(0) de TDBCombo1 no es válido.
Línea 1224: el nombre de la propiedad _StyleDefs(1) de TDBCombo1 no es válido.
Línea 1225: el nombre de la propiedad _StyleDefs(2) de TDBCombo1 no es válido.
Línea 1226: el nombre de la propiedad _StyleDefs(3) de TDBCombo1 no es válido.
Línea 1227: el nombre de la propiedad _StyleDefs(4) de TDBCombo1 no es válido.
Línea 1228: el nombre de la propiedad _StyleDefs(5) de TDBCombo1 no es válido.
Línea 1229: el nombre de la propiedad _StyleDefs(6) de TDBCombo1 no es válido.
Línea 1230: el nombre de la propiedad _StyleDefs(7) de TDBCombo1 no es válido.
Línea 1231: el nombre de la propiedad _StyleDefs(8) de TDBCombo1 no es válido.
Línea 1232: el nombre de la propiedad _StyleDefs(9) de TDBCombo1 no es válido.
Línea 1233: el nombre de la propiedad _StyleDefs(10) de TDBCombo1 no es válido.
Línea 1234: el nombre de la propiedad _StyleDefs(11) de TDBCombo1 no es válido.
Línea 1235: el nombre de la propiedad _StyleDefs(12) de TDBCombo1 no es válido.
Línea 1236: el nombre de la propiedad _StyleDefs(13) de TDBCombo1 no es válido.
Línea 1237: el nombre de la propiedad _StyleDefs(14) de TDBCombo1 no es válido.
Línea 1238: el nombre de la propiedad _StyleDefs(15) de TDBCombo1 no es válido.
Línea 1239: el nombre de la propiedad _StyleDefs(16) de TDBCombo1 no es válido.
Línea 1240: el nombre de la propiedad _StyleDefs(17) de TDBCombo1 no es válido.
Línea 1241: el nombre de la propiedad _StyleDefs(18) de TDBCombo1 no es válido.
Línea 1242: el nombre de la propiedad _StyleDefs(19) de TDBCombo1 no es válido.
Línea 1243: el nombre de la propiedad _StyleDefs(20) de TDBCombo1 no es válido.
Línea 1244: el nombre de la propiedad _StyleDefs(21) de TDBCombo1 no es válido.
Línea 1245: el nombre de la propiedad _StyleDefs(22) de TDBCombo1 no es válido.
Línea 1246: el nombre de la propiedad _StyleDefs(23) de TDBCombo1 no es válido.
Línea 1247: el nombre de la propiedad _StyleDefs(24) de TDBCombo1 no es válido.
Línea 1248: el nombre de la propiedad _StyleDefs(25) de TDBCombo1 no es válido.
Línea 1249: el nombre de la propiedad _StyleDefs(26) de TDBCombo1 no es válido.
Línea 1250: el nombre de la propiedad _StyleDefs(27) de TDBCombo1 no es válido.
Línea 1251: el nombre de la propiedad _StyleDefs(28) de TDBCombo1 no es válido.
Línea 1252: el nombre de la propiedad _StyleDefs(29) de TDBCombo1 no es válido.
Línea 1253: el nombre de la propiedad _StyleDefs(30) de TDBCombo1 no es válido.
Línea 1254: el nombre de la propiedad _StyleDefs(31) de TDBCombo1 no es válido.
Línea 1255: el nombre de la propiedad _StyleDefs(32) de TDBCombo1 no es válido.
Línea 1256: el nombre de la propiedad _StyleDefs(33) de TDBCombo1 no es válido.
Línea 1257: el nombre de la propiedad _StyleDefs(34) de TDBCombo1 no es válido.
Línea 1258: el nombre de la propiedad _StyleDefs(35) de TDBCombo1 no es válido.
Línea 1259: el nombre de la propiedad _StyleDefs(36) de TDBCombo1 no es válido.
Línea 1260: el nombre de la propiedad _StyleDefs(37) de TDBCombo1 no es válido.
Línea 1261: el nombre de la propiedad _StyleDefs(38) de TDBCombo1 no es válido.
Línea 1262: el nombre de la propiedad _StyleDefs(39) de TDBCombo1 no es válido.
Línea 1263: el nombre de la propiedad _StyleDefs(40) de TDBCombo1 no es válido.
Línea 1264: el nombre de la propiedad _StyleDefs(41) de TDBCombo1 no es válido.
Línea 1265: el nombre de la propiedad _StyleDefs(42) de TDBCombo1 no es válido.
Línea 1266: el nombre de la propiedad _StyleDefs(43) de TDBCombo1 no es válido.
Línea 1267: el nombre de la propiedad _StyleDefs(44) de TDBCombo1 no es válido.
Línea 1268: el nombre de la propiedad _StyleDefs(45) de TDBCombo1 no es válido.
Línea 1269: el nombre de la propiedad _StyleDefs(46) de TDBCombo1 no es válido.
Línea 1270: el nombre de la propiedad _StyleDefs(47) de TDBCombo1 no es válido.
Línea 1271: el nombre de la propiedad _StyleDefs(48) de TDBCombo1 no es válido.
Línea 1272: el nombre de la propiedad _StyleDefs(49) de TDBCombo1 no es válido.
Línea 1273: el nombre de la propiedad _StyleDefs(50) de TDBCombo1 no es válido.
Línea 1274: el nombre de la propiedad _StyleDefs(51) de TDBCombo1 no es válido.
Línea 1275: el nombre de la propiedad _StyleDefs(52) de TDBCombo1 no es válido.
Línea 1276: el nombre de la propiedad _StyleDefs(53) de TDBCombo1 no es válido.
Línea 1277: el nombre de la propiedad _StyleDefs(54) de TDBCombo1 no es válido.
Línea 1278: el nombre de la propiedad _StyleDefs(55) de TDBCombo1 no es válido.
Línea 1279: el nombre de la propiedad _StyleDefs(56) de TDBCombo1 no es válido.
Línea 1280: el nombre de la propiedad _StyleDefs(57) de TDBCombo1 no es válido.
Línea 1281: el nombre de la propiedad _StyleDefs(58) de TDBCombo1 no es válido.
Línea 1284: el nombre de la propiedad Bindings de DBEmpleado2 no es válido.
Línea 1290: el nombre de la propiedad _ExtentX de DBEmpleado2 no es válido.
Línea 1291: el nombre de la propiedad _ExtentY de DBEmpleado2 no es válido.
Línea 1292: el nombre de la propiedad _LayoutType de DBEmpleado2 no es válido.
Línea 1293: el nombre de la propiedad _RowHeight de DBEmpleado2 no es válido.
Línea 1294: el nombre de la propiedad _WasPersistedAsPixels de DBEmpleado2 no es válido.
Línea 1295: el nombre de la propiedad _DropdownWidth de DBEmpleado2 no es válido.
Línea 1296: el nombre de la propiedad _EDITHEIGHT de DBEmpleado2 no es válido.
Línea 1297: el nombre de la propiedad _GAPHEIGHT de DBEmpleado2 no es válido.
Línea 1298: el nombre de la propiedad Columns(0)._VlistStyle de DBEmpleado2 no es válido.
Línea 1299: el nombre de la propiedad Columns(0)._MaxComboItems de DBEmpleado2 no es válido.
Línea 1300: el nombre de la propiedad Columns(0).DataField de DBEmpleado2 no es válido.
Línea 1301: el nombre de la propiedad Columns(0)._PropDict de DBEmpleado2 no es válido.
Línea 1302: el nombre de la propiedad Columns(1)._VlistStyle de DBEmpleado2 no es válido.
Línea 1303: el nombre de la propiedad Columns(1)._MaxComboItems de DBEmpleado2 no es válido.
Línea 1304: el nombre de la propiedad Columns(1).DataField de DBEmpleado2 no es válido.
Línea 1305: el nombre de la propiedad Columns(1)._PropDict de DBEmpleado2 no es válido.
Línea 1306: el nombre de la propiedad Columns.Count de DBEmpleado2 no es válido.
Línea 1307: el nombre de la propiedad Splits(0)._UserFlags de DBEmpleado2 no es válido.
Línea 1308: el nombre de la propiedad Splits(0).ExtendRightColumn de DBEmpleado2 no es válido.
Línea 1309: el nombre de la propiedad Splits(0).AllowRowSizing de DBEmpleado2 no es válido.
Línea 1310: el nombre de la propiedad Splits(0)._PropDict de DBEmpleado2 no es válido.
Línea 1311: el nombre de la propiedad Splits(0)._ColumnProps(0) de DBEmpleado2 no es válido.
Línea 1312: el nombre de la propiedad Splits(0)._ColumnProps(1) de DBEmpleado2 no es válido.
Línea 1313: el nombre de la propiedad Splits(0)._ColumnProps(2) de DBEmpleado2 no es válido.
Línea 1314: el nombre de la propiedad Splits(0)._ColumnProps(3) de DBEmpleado2 no es válido.
Línea 1315: el nombre de la propiedad Splits(0)._ColumnProps(4) de DBEmpleado2 no es válido.
Línea 1316: el nombre de la propiedad Splits(0)._ColumnProps(5) de DBEmpleado2 no es válido.
Línea 1317: el nombre de la propiedad Splits(0)._ColumnProps(6) de DBEmpleado2 no es válido.
Línea 1318: el nombre de la propiedad Splits(0)._ColumnProps(7) de DBEmpleado2 no es válido.
Línea 1319: el nombre de la propiedad Splits(0)._ColumnProps(8) de DBEmpleado2 no es válido.
Línea 1320: el nombre de la propiedad Splits(0)._ColumnProps(9) de DBEmpleado2 no es válido.
Línea 1321: el nombre de la propiedad Splits(0)._ColumnProps(10) de DBEmpleado2 no es válido.
Línea 1322: el nombre de la propiedad Splits.Count de DBEmpleado2 no es válido.
Línea 1325: el nombre de la propiedad ComboStyle de DBEmpleado2 no es válido.
Línea 1326: el nombre de la propiedad AutoCompletion de DBEmpleado2 no es válido.
Línea 1327: el nombre de la propiedad LimitToList de DBEmpleado2 no es válido.
Línea 1328: el nombre de la propiedad ColumnHeaders de DBEmpleado2 no es válido.
Línea 1329: el nombre de la propiedad ColumnFooters de DBEmpleado2 no es válido.
Línea 1330: el nombre de la propiedad DataMode de DBEmpleado2 no es válido.
Línea 1331: el nombre de la propiedad DefColWidth de DBEmpleado2 no es válido.
Línea 1333: el nombre de la propiedad HeadLines de DBEmpleado2 no es válido.
Línea 1334: el nombre de la propiedad FootLines de DBEmpleado2 no es válido.
Línea 1335: el nombre de la propiedad RowDividerStyle de DBEmpleado2 no es válido.
Línea 1336: el nombre de la propiedad Caption de DBEmpleado2 no es válido.
Línea 1337: el nombre de la propiedad EditFont de DBEmpleado2 no es válido.
Línea 1338: el nombre de la propiedad LayoutName de DBEmpleado2 no es válido.
Línea 1339: el nombre de la propiedad LayoutFileName de DBEmpleado2 no es válido.
Línea 1340: el nombre de la propiedad MultipleLines de DBEmpleado2 no es válido.
Línea 1341: el nombre de la propiedad EmptyRows de DBEmpleado2 no es válido.
Línea 1342: el nombre de la propiedad CellTips de DBEmpleado2 no es válido.
Línea 1344: el nombre de la propiedad ListField de DBEmpleado2 no es válido.
Línea 1345: el nombre de la propiedad BoundColumn de DBEmpleado2 no es válido.
Línea 1346: el nombre de la propiedad IntegralHeight de DBEmpleado2 no es válido.
Línea 1347: el nombre de la propiedad CellTipsWidth de DBEmpleado2 no es válido.
Línea 1348: el nombre de la propiedad CellTipsDelay de DBEmpleado2 no es válido.
Línea 1349: el nombre de la propiedad AutoDropdown de DBEmpleado2 no es válido.
Línea 1350: el nombre de la propiedad RowTracking de DBEmpleado2 no es válido.
Línea 1352: el nombre de la propiedad RowMember de DBEmpleado2 no es válido.
Línea 1353: la propiedad MouseIcon de DBEmpleado2 tenía un valor no válido.
Línea 1354: el nombre de la propiedad MouseIcon.vt de DBEmpleado2 no es válido.
Línea 1356: el nombre de la propiedad MatchEntryTimeout de DBEmpleado2 no es válido.
Línea 1359: el nombre de la propiedad AnimateWindow de DBEmpleado2 no es válido.
Línea 1360: el nombre de la propiedad AnimateWindowDirection de DBEmpleado2 no es válido.
Línea 1361: el nombre de la propiedad AnimateWindowTime de DBEmpleado2 no es válido.
Línea 1362: el nombre de la propiedad AnimateWindowClose de DBEmpleado2 no es válido.
Línea 1363: el nombre de la propiedad DropdownPosition de DBEmpleado2 no es válido.
Línea 1364: el nombre de la propiedad Locked de DBEmpleado2 no es válido.
Línea 1365: el nombre de la propiedad ScrollTrack de DBEmpleado2 no es válido.
Línea 1366: el nombre de la propiedad RowDividerColor de DBEmpleado2 no es válido.
Línea 1367: el nombre de la propiedad RowSubDividerColor de DBEmpleado2 no es válido.
Línea 1368: el nombre de la propiedad AddItemSeparator de DBEmpleado2 no es válido.
Línea 1369: el nombre de la propiedad _PropDict de DBEmpleado2 no es válido.
Línea 1370: el nombre de la propiedad _StyleDefs(0) de DBEmpleado2 no es válido.
Línea 1371: el nombre de la propiedad _StyleDefs(1) de DBEmpleado2 no es válido.
Línea 1372: el nombre de la propiedad _StyleDefs(2) de DBEmpleado2 no es válido.
Línea 1373: el nombre de la propiedad _StyleDefs(3) de DBEmpleado2 no es válido.
Línea 1374: el nombre de la propiedad _StyleDefs(4) de DBEmpleado2 no es válido.
Línea 1375: el nombre de la propiedad _StyleDefs(5) de DBEmpleado2 no es válido.
Línea 1376: el nombre de la propiedad _StyleDefs(6) de DBEmpleado2 no es válido.
Línea 1377: el nombre de la propiedad _StyleDefs(7) de DBEmpleado2 no es válido.
Línea 1378: el nombre de la propiedad _StyleDefs(8) de DBEmpleado2 no es válido.
Línea 1379: el nombre de la propiedad _StyleDefs(9) de DBEmpleado2 no es válido.
Línea 1380: el nombre de la propiedad _StyleDefs(10) de DBEmpleado2 no es válido.
Línea 1381: el nombre de la propiedad _StyleDefs(11) de DBEmpleado2 no es válido.
Línea 1382: el nombre de la propiedad _StyleDefs(12) de DBEmpleado2 no es válido.
Línea 1383: el nombre de la propiedad _StyleDefs(13) de DBEmpleado2 no es válido.
Línea 1384: el nombre de la propiedad _StyleDefs(14) de DBEmpleado2 no es válido.
Línea 1385: el nombre de la propiedad _StyleDefs(15) de DBEmpleado2 no es válido.
Línea 1386: el nombre de la propiedad _StyleDefs(16) de DBEmpleado2 no es válido.
Línea 1387: el nombre de la propiedad _StyleDefs(17) de DBEmpleado2 no es válido.
Línea 1388: el nombre de la propiedad _StyleDefs(18) de DBEmpleado2 no es válido.
Línea 1389: el nombre de la propiedad _StyleDefs(19) de DBEmpleado2 no es válido.
Línea 1390: el nombre de la propiedad _StyleDefs(20) de DBEmpleado2 no es válido.
Línea 1391: el nombre de la propiedad _StyleDefs(21) de DBEmpleado2 no es válido.
Línea 1392: el nombre de la propiedad _StyleDefs(22) de DBEmpleado2 no es válido.
Línea 1393: el nombre de la propiedad _StyleDefs(23) de DBEmpleado2 no es válido.
Línea 1394: el nombre de la propiedad _StyleDefs(24) de DBEmpleado2 no es válido.
Línea 1395: el nombre de la propiedad _StyleDefs(25) de DBEmpleado2 no es válido.
Línea 1396: el nombre de la propiedad _StyleDefs(26) de DBEmpleado2 no es válido.
Línea 1397: el nombre de la propiedad _StyleDefs(27) de DBEmpleado2 no es válido.
Línea 1398: el nombre de la propiedad _StyleDefs(28) de DBEmpleado2 no es válido.
Línea 1399: el nombre de la propiedad _StyleDefs(29) de DBEmpleado2 no es válido.
Línea 1400: el nombre de la propiedad _StyleDefs(30) de DBEmpleado2 no es válido.
Línea 1401: el nombre de la propiedad _StyleDefs(31) de DBEmpleado2 no es válido.
Línea 1402: el nombre de la propiedad _StyleDefs(32) de DBEmpleado2 no es válido.
Línea 1403: el nombre de la propiedad _StyleDefs(33) de DBEmpleado2 no es válido.
Línea 1404: el nombre de la propiedad _StyleDefs(34) de DBEmpleado2 no es válido.
Línea 1405: el nombre de la propiedad _StyleDefs(35) de DBEmpleado2 no es válido.
Línea 1406: el nombre de la propiedad _StyleDefs(36) de DBEmpleado2 no es válido.
Línea 1407: el nombre de la propiedad _StyleDefs(37) de DBEmpleado2 no es válido.
Línea 1408: el nombre de la propiedad _StyleDefs(38) de DBEmpleado2 no es válido.
Línea 1409: el nombre de la propiedad _StyleDefs(39) de DBEmpleado2 no es válido.
Línea 1410: el nombre de la propiedad _StyleDefs(40) de DBEmpleado2 no es válido.
Línea 1411: el nombre de la propiedad _StyleDefs(41) de DBEmpleado2 no es válido.
Línea 1412: el nombre de la propiedad _StyleDefs(42) de DBEmpleado2 no es válido.
Línea 1413: el nombre de la propiedad _StyleDefs(43) de DBEmpleado2 no es válido.
Línea 1414: el nombre de la propiedad _StyleDefs(44) de DBEmpleado2 no es válido.
Línea 1415: el nombre de la propiedad _StyleDefs(45) de DBEmpleado2 no es válido.
Línea 1416: el nombre de la propiedad _StyleDefs(46) de DBEmpleado2 no es válido.
Línea 1417: el nombre de la propiedad _StyleDefs(47) de DBEmpleado2 no es válido.
Línea 1418: el nombre de la propiedad _StyleDefs(48) de DBEmpleado2 no es válido.
Línea 1419: el nombre de la propiedad _StyleDefs(49) de DBEmpleado2 no es válido.
Línea 1420: el nombre de la propiedad _StyleDefs(50) de DBEmpleado2 no es válido.
Línea 1421: el nombre de la propiedad _StyleDefs(51) de DBEmpleado2 no es válido.
Línea 1422: el nombre de la propiedad _StyleDefs(52) de DBEmpleado2 no es válido.
Línea 1423: el nombre de la propiedad _StyleDefs(53) de DBEmpleado2 no es válido.
Línea 1424: el nombre de la propiedad _StyleDefs(54) de DBEmpleado2 no es válido.
Línea 1425: el nombre de la propiedad _StyleDefs(55) de DBEmpleado2 no es válido.
Línea 1426: el nombre de la propiedad _StyleDefs(56) de DBEmpleado2 no es válido.
Línea 1427: el nombre de la propiedad _StyleDefs(57) de DBEmpleado2 no es válido.
Línea 1428: el nombre de la propiedad _StyleDefs(58) de DBEmpleado2 no es válido.
Línea 1496: el nombre de la propiedad _ExtentX de AdoEmpleados no es válido.
Línea 1497: el nombre de la propiedad _ExtentY de AdoEmpleados no es válido.
Línea 1498: el nombre de la propiedad ConnectMode de AdoEmpleados no es válido.
Línea 1499: el nombre de la propiedad CursorLocation de AdoEmpleados no es válido.
Línea 1500: el nombre de la propiedad IsolationLevel de AdoEmpleados no es válido.
Línea 1501: el nombre de la propiedad ConnectionTimeout de AdoEmpleados no es válido.
Línea 1502: el nombre de la propiedad CommandTimeout de AdoEmpleados no es válido.
Línea 1503: el nombre de la propiedad CursorType de AdoEmpleados no es válido.
Línea 1504: el nombre de la propiedad LockType de AdoEmpleados no es válido.
Línea 1505: el nombre de la propiedad CommandType de AdoEmpleados no es válido.
Línea 1506: el nombre de la propiedad CursorOptions de AdoEmpleados no es válido.
Línea 1507: el nombre de la propiedad CacheSize de AdoEmpleados no es válido.
Línea 1508: el nombre de la propiedad MaxRecords de AdoEmpleados no es válido.
Línea 1509: el nombre de la propiedad BOFAction de AdoEmpleados no es válido.
Línea 1510: el nombre de la propiedad EOFAction de AdoEmpleados no es válido.
Línea 1511: el nombre de la propiedad ConnectStringType de AdoEmpleados no es válido.
Línea 1515: el nombre de la propiedad Orientation de AdoEmpleados no es válido.
Línea 1517: el nombre de la propiedad Connect de AdoEmpleados no es válido.
Línea 1518: el nombre de la propiedad OLEDBString de AdoEmpleados no es válido.
Línea 1519: el nombre de la propiedad OLEDBFile de AdoEmpleados no es válido.
Línea 1520: el nombre de la propiedad DataSourceName de AdoEmpleados no es válido.
Línea 1521: el nombre de la propiedad OtherAttributes de AdoEmpleados no es válido.
Línea 1522: el nombre de la propiedad UserName de AdoEmpleados no es válido.
Línea 1523: el nombre de la propiedad Password de AdoEmpleados no es válido.
Línea 1524: el nombre de la propiedad RecordSource de AdoEmpleados no es válido.
Línea 1525: el nombre de la propiedad Caption de AdoEmpleados no es válido.
Línea 1535: el nombre de la propiedad _Version de AdoEmpleados no es válido.
Línea 1543: el nombre de la propiedad _ExtentX de AdoReportes no es válido.
Línea 1544: el nombre de la propiedad _ExtentY de AdoReportes no es válido.
Línea 1545: el nombre de la propiedad ConnectMode de AdoReportes no es válido.
Línea 1546: el nombre de la propiedad CursorLocation de AdoReportes no es válido.
Línea 1547: el nombre de la propiedad IsolationLevel de AdoReportes no es válido.
Línea 1548: el nombre de la propiedad ConnectionTimeout de AdoReportes no es válido.
Línea 1549: el nombre de la propiedad CommandTimeout de AdoReportes no es válido.
Línea 1550: el nombre de la propiedad CursorType de AdoReportes no es válido.
Línea 1551: el nombre de la propiedad LockType de AdoReportes no es válido.
Línea 1552: el nombre de la propiedad CommandType de AdoReportes no es válido.
Línea 1553: el nombre de la propiedad CursorOptions de AdoReportes no es válido.
Línea 1554: el nombre de la propiedad CacheSize de AdoReportes no es válido.
Línea 1555: el nombre de la propiedad MaxRecords de AdoReportes no es válido.
Línea 1556: el nombre de la propiedad BOFAction de AdoReportes no es válido.
Línea 1557: el nombre de la propiedad EOFAction de AdoReportes no es válido.
Línea 1558: el nombre de la propiedad ConnectStringType de AdoReportes no es válido.
Línea 1562: el nombre de la propiedad Orientation de AdoReportes no es válido.
Línea 1564: el nombre de la propiedad Connect de AdoReportes no es válido.
Línea 1565: el nombre de la propiedad OLEDBString de AdoReportes no es válido.
Línea 1566: el nombre de la propiedad OLEDBFile de AdoReportes no es válido.
Línea 1567: el nombre de la propiedad DataSourceName de AdoReportes no es válido.
Línea 1568: el nombre de la propiedad OtherAttributes de AdoReportes no es válido.
Línea 1569: el nombre de la propiedad UserName de AdoReportes no es válido.
Línea 1570: el nombre de la propiedad Password de AdoReportes no es válido.
Línea 1571: el nombre de la propiedad RecordSource de AdoReportes no es válido.
Línea 1572: el nombre de la propiedad Caption de AdoReportes no es válido.
Línea 1582: el nombre de la propiedad _Version de AdoReportes no es válido.
Línea 1590: el nombre de la propiedad _ExtentX de AdoConsulta no es válido.
Línea 1591: el nombre de la propiedad _ExtentY de AdoConsulta no es válido.
Línea 1592: el nombre de la propiedad ConnectMode de AdoConsulta no es válido.
Línea 1593: el nombre de la propiedad CursorLocation de AdoConsulta no es válido.
Línea 1594: el nombre de la propiedad IsolationLevel de AdoConsulta no es válido.
Línea 1595: el nombre de la propiedad ConnectionTimeout de AdoConsulta no es válido.
Línea 1596: el nombre de la propiedad CommandTimeout de AdoConsulta no es válido.
Línea 1597: el nombre de la propiedad CursorType de AdoConsulta no es válido.
Línea 1598: el nombre de la propiedad LockType de AdoConsulta no es válido.
Línea 1599: el nombre de la propiedad CommandType de AdoConsulta no es válido.
Línea 1600: el nombre de la propiedad CursorOptions de AdoConsulta no es válido.
Línea 1601: el nombre de la propiedad CacheSize de AdoConsulta no es válido.
Línea 1602: el nombre de la propiedad MaxRecords de AdoConsulta no es válido.
Línea 1603: el nombre de la propiedad BOFAction de AdoConsulta no es válido.
Línea 1604: el nombre de la propiedad EOFAction de AdoConsulta no es válido.
Línea 1605: el nombre de la propiedad ConnectStringType de AdoConsulta no es válido.
Línea 1609: el nombre de la propiedad Orientation de AdoConsulta no es válido.
Línea 1611: el nombre de la propiedad Connect de AdoConsulta no es válido.
Línea 1612: el nombre de la propiedad OLEDBString de AdoConsulta no es válido.
Línea 1613: el nombre de la propiedad OLEDBFile de AdoConsulta no es válido.
Línea 1614: el nombre de la propiedad DataSourceName de AdoConsulta no es válido.
Línea 1615: el nombre de la propiedad OtherAttributes de AdoConsulta no es válido.
Línea 1616: el nombre de la propiedad UserName de AdoConsulta no es válido.
Línea 1617: el nombre de la propiedad Password de AdoConsulta no es válido.
Línea 1618: el nombre de la propiedad RecordSource de AdoConsulta no es válido.
Línea 1619: el nombre de la propiedad Caption de AdoConsulta no es válido.
Línea 1629: el nombre de la propiedad _Version de AdoConsulta no es válido.
Línea 1637: el nombre de la propiedad _ExtentX de AdoHorarios no es válido.
Línea 1638: el nombre de la propiedad _ExtentY de AdoHorarios no es válido.
Línea 1639: el nombre de la propiedad ConnectMode de AdoHorarios no es válido.
Línea 1640: el nombre de la propiedad CursorLocation de AdoHorarios no es válido.
Línea 1641: el nombre de la propiedad IsolationLevel de AdoHorarios no es válido.
Línea 1642: el nombre de la propiedad ConnectionTimeout de AdoHorarios no es válido.
Línea 1643: el nombre de la propiedad CommandTimeout de AdoHorarios no es válido.
Línea 1644: el nombre de la propiedad CursorType de AdoHorarios no es válido.
Línea 1645: el nombre de la propiedad LockType de AdoHorarios no es válido.
Línea 1646: el nombre de la propiedad CommandType de AdoHorarios no es válido.
Línea 1647: el nombre de la propiedad CursorOptions de AdoHorarios no es válido.
Línea 1648: el nombre de la propiedad CacheSize de AdoHorarios no es válido.
Línea 1649: el nombre de la propiedad MaxRecords de AdoHorarios no es válido.
Línea 1650: el nombre de la propiedad BOFAction de AdoHorarios no es válido.
Línea 1651: el nombre de la propiedad EOFAction de AdoHorarios no es válido.
Línea 1652: el nombre de la propiedad ConnectStringType de AdoHorarios no es válido.
Línea 1656: el nombre de la propiedad Orientation de AdoHorarios no es válido.
Línea 1658: el nombre de la propiedad Connect de AdoHorarios no es válido.
Línea 1659: el nombre de la propiedad OLEDBString de AdoHorarios no es válido.
Línea 1660: el nombre de la propiedad OLEDBFile de AdoHorarios no es válido.
Línea 1661: el nombre de la propiedad DataSourceName de AdoHorarios no es válido.
Línea 1662: el nombre de la propiedad OtherAttributes de AdoHorarios no es válido.
Línea 1663: el nombre de la propiedad UserName de AdoHorarios no es válido.
Línea 1664: el nombre de la propiedad Password de AdoHorarios no es válido.
Línea 1665: el nombre de la propiedad RecordSource de AdoHorarios no es válido.
Línea 1666: el nombre de la propiedad Caption de AdoHorarios no es válido.
Línea 1676: el nombre de la propiedad _Version de AdoHorarios no es válido.
Línea 1684: el nombre de la propiedad _ExtentX de AdoEmpleados2 no es válido.
Línea 1685: el nombre de la propiedad _ExtentY de AdoEmpleados2 no es válido.
Línea 1686: el nombre de la propiedad ConnectMode de AdoEmpleados2 no es válido.
Línea 1687: el nombre de la propiedad CursorLocation de AdoEmpleados2 no es válido.
Línea 1688: el nombre de la propiedad IsolationLevel de AdoEmpleados2 no es válido.
Línea 1689: el nombre de la propiedad ConnectionTimeout de AdoEmpleados2 no es válido.
Línea 1690: el nombre de la propiedad CommandTimeout de AdoEmpleados2 no es válido.
Línea 1691: el nombre de la propiedad CursorType de AdoEmpleados2 no es válido.
Línea 1692: el nombre de la propiedad LockType de AdoEmpleados2 no es válido.
Línea 1693: el nombre de la propiedad CommandType de AdoEmpleados2 no es válido.
Línea 1694: el nombre de la propiedad CursorOptions de AdoEmpleados2 no es válido.
Línea 1695: el nombre de la propiedad CacheSize de AdoEmpleados2 no es válido.
Línea 1696: el nombre de la propiedad MaxRecords de AdoEmpleados2 no es válido.
Línea 1697: el nombre de la propiedad BOFAction de AdoEmpleados2 no es válido.
Línea 1698: el nombre de la propiedad EOFAction de AdoEmpleados2 no es válido.
Línea 1699: el nombre de la propiedad ConnectStringType de AdoEmpleados2 no es válido.
Línea 1703: el nombre de la propiedad Orientation de AdoEmpleados2 no es válido.
Línea 1705: el nombre de la propiedad Connect de AdoEmpleados2 no es válido.
Línea 1706: el nombre de la propiedad OLEDBString de AdoEmpleados2 no es válido.
Línea 1707: el nombre de la propiedad OLEDBFile de AdoEmpleados2 no es válido.
Línea 1708: el nombre de la propiedad DataSourceName de AdoEmpleados2 no es válido.
Línea 1709: el nombre de la propiedad OtherAttributes de AdoEmpleados2 no es válido.
Línea 1710: el nombre de la propiedad UserName de AdoEmpleados2 no es válido.
Línea 1711: el nombre de la propiedad Password de AdoEmpleados2 no es válido.
Línea 1712: el nombre de la propiedad RecordSource de AdoEmpleados2 no es válido.
Línea 1713: el nombre de la propiedad Caption de AdoEmpleados2 no es válido.
Línea 1723: el nombre de la propiedad _Version de AdoEmpleados2 no es válido.
Línea 1731: el nombre de la propiedad _ExtentX de AdoBuscaReporte no es válido.
Línea 1732: el nombre de la propiedad _ExtentY de AdoBuscaReporte no es válido.
Línea 1733: el nombre de la propiedad ConnectMode de AdoBuscaReporte no es válido.
Línea 1734: el nombre de la propiedad CursorLocation de AdoBuscaReporte no es válido.
Línea 1735: el nombre de la propiedad IsolationLevel de AdoBuscaReporte no es válido.
Línea 1736: el nombre de la propiedad ConnectionTimeout de AdoBuscaReporte no es válido.
Línea 1737: el nombre de la propiedad CommandTimeout de AdoBuscaReporte no es válido.
Línea 1738: el nombre de la propiedad CursorType de AdoBuscaReporte no es válido.
Línea 1739: el nombre de la propiedad LockType de AdoBuscaReporte no es válido.
Línea 1740: el nombre de la propiedad CommandType de AdoBuscaReporte no es válido.
Línea 1741: el nombre de la propiedad CursorOptions de AdoBuscaReporte no es válido.
Línea 1742: el nombre de la propiedad CacheSize de AdoBuscaReporte no es válido.
Línea 1743: el nombre de la propiedad MaxRecords de AdoBuscaReporte no es válido.
Línea 1744: el nombre de la propiedad BOFAction de AdoBuscaReporte no es válido.
Línea 1745: el nombre de la propiedad EOFAction de AdoBuscaReporte no es válido.
Línea 1746: el nombre de la propiedad ConnectStringType de AdoBuscaReporte no es válido.
Línea 1750: el nombre de la propiedad Orientation de AdoBuscaReporte no es válido.
Línea 1752: el nombre de la propiedad Connect de AdoBuscaReporte no es válido.
Línea 1753: el nombre de la propiedad OLEDBString de AdoBuscaReporte no es válido.
Línea 1754: el nombre de la propiedad OLEDBFile de AdoBuscaReporte no es válido.
Línea 1755: el nombre de la propiedad DataSourceName de AdoBuscaReporte no es válido.
Línea 1756: el nombre de la propiedad OtherAttributes de AdoBuscaReporte no es válido.
Línea 1757: el nombre de la propiedad UserName de AdoBuscaReporte no es válido.
Línea 1758: el nombre de la propiedad Password de AdoBuscaReporte no es válido.
Línea 1759: el nombre de la propiedad RecordSource de AdoBuscaReporte no es válido.
Línea 1760: el nombre de la propiedad Caption de AdoBuscaReporte no es válido.
Línea 1770: el nombre de la propiedad _Version de AdoBuscaReporte no es válido.
Línea 1778: el nombre de la propiedad _ExtentX de AdoHorarioAlmuerzo no es válido.
Línea 1779: el nombre de la propiedad _ExtentY de AdoHorarioAlmuerzo no es válido.
Línea 1780: el nombre de la propiedad ConnectMode de AdoHorarioAlmuerzo no es válido.
Línea 1781: el nombre de la propiedad CursorLocation de AdoHorarioAlmuerzo no es válido.
Línea 1782: el nombre de la propiedad IsolationLevel de AdoHorarioAlmuerzo no es válido.
Línea 1783: el nombre de la propiedad ConnectionTimeout de AdoHorarioAlmuerzo no es válido.
Línea 1784: el nombre de la propiedad CommandTimeout de AdoHorarioAlmuerzo no es válido.
Línea 1785: el nombre de la propiedad CursorType de AdoHorarioAlmuerzo no es válido.
Línea 1786: el nombre de la propiedad LockType de AdoHorarioAlmuerzo no es válido.
Línea 1787: el nombre de la propiedad CommandType de AdoHorarioAlmuerzo no es válido.
Línea 1788: el nombre de la propiedad CursorOptions de AdoHorarioAlmuerzo no es válido.
Línea 1789: el nombre de la propiedad CacheSize de AdoHorarioAlmuerzo no es válido.
Línea 1790: el nombre de la propiedad MaxRecords de AdoHorarioAlmuerzo no es válido.
Línea 1791: el nombre de la propiedad BOFAction de AdoHorarioAlmuerzo no es válido.
Línea 1792: el nombre de la propiedad EOFAction de AdoHorarioAlmuerzo no es válido.
Línea 1793: el nombre de la propiedad ConnectStringType de AdoHorarioAlmuerzo no es válido.
Línea 1797: el nombre de la propiedad Orientation de AdoHorarioAlmuerzo no es válido.
Línea 1799: el nombre de la propiedad Connect de AdoHorarioAlmuerzo no es válido.
Línea 1800: el nombre de la propiedad OLEDBString de AdoHorarioAlmuerzo no es válido.
Línea 1801: el nombre de la propiedad OLEDBFile de AdoHorarioAlmuerzo no es válido.
Línea 1802: el nombre de la propiedad DataSourceName de AdoHorarioAlmuerzo no es válido.
Línea 1803: el nombre de la propiedad OtherAttributes de AdoHorarioAlmuerzo no es válido.
Línea 1804: el nombre de la propiedad UserName de AdoHorarioAlmuerzo no es válido.
Línea 1805: el nombre de la propiedad Password de AdoHorarioAlmuerzo no es válido.
Línea 1806: el nombre de la propiedad RecordSource de AdoHorarioAlmuerzo no es válido.
Línea 1807: el nombre de la propiedad Caption de AdoHorarioAlmuerzo no es válido.
Línea 1817: el nombre de la propiedad _Version de AdoHorarioAlmuerzo no es válido.
Línea 1825: el nombre de la propiedad _ExtentX de AdoDatosEmpresa no es válido.
Línea 1826: el nombre de la propiedad _ExtentY de AdoDatosEmpresa no es válido.
Línea 1827: el nombre de la propiedad ConnectMode de AdoDatosEmpresa no es válido.
Línea 1828: el nombre de la propiedad CursorLocation de AdoDatosEmpresa no es válido.
Línea 1829: el nombre de la propiedad IsolationLevel de AdoDatosEmpresa no es válido.
Línea 1830: el nombre de la propiedad ConnectionTimeout de AdoDatosEmpresa no es válido.
Línea 1831: el nombre de la propiedad CommandTimeout de AdoDatosEmpresa no es válido.
Línea 1832: el nombre de la propiedad CursorType de AdoDatosEmpresa no es válido.
Línea 1833: el nombre de la propiedad LockType de AdoDatosEmpresa no es válido.
Línea 1834: el nombre de la propiedad CommandType de AdoDatosEmpresa no es válido.
Línea 1835: el nombre de la propiedad CursorOptions de AdoDatosEmpresa no es válido.
Línea 1836: el nombre de la propiedad CacheSize de AdoDatosEmpresa no es válido.
Línea 1837: el nombre de la propiedad MaxRecords de AdoDatosEmpresa no es válido.
Línea 1838: el nombre de la propiedad BOFAction de AdoDatosEmpresa no es válido.
Línea 1839: el nombre de la propiedad EOFAction de AdoDatosEmpresa no es válido.
Línea 1840: el nombre de la propiedad ConnectStringType de AdoDatosEmpresa no es válido.
Línea 1844: el nombre de la propiedad Orientation de AdoDatosEmpresa no es válido.
Línea 1846: el nombre de la propiedad Connect de AdoDatosEmpresa no es válido.
Línea 1847: el nombre de la propiedad OLEDBString de AdoDatosEmpresa no es válido.
Línea 1848: el nombre de la propiedad OLEDBFile de AdoDatosEmpresa no es válido.
Línea 1849: el nombre de la propiedad DataSourceName de AdoDatosEmpresa no es válido.
Línea 1850: el nombre de la propiedad OtherAttributes de AdoDatosEmpresa no es válido.
Línea 1851: el nombre de la propiedad UserName de AdoDatosEmpresa no es válido.
Línea 1852: el nombre de la propiedad Password de AdoDatosEmpresa no es válido.
Línea 1853: el nombre de la propiedad RecordSource de AdoDatosEmpresa no es válido.
Línea 1854: el nombre de la propiedad Caption de AdoDatosEmpresa no es válido.
Línea 1864: el nombre de la propiedad _Version de AdoDatosEmpresa no es válido.
