Línea 15: la clase MSCommLib.MSComm del control mscReloj2 no era una clase de control cargada.
Línea 23: la clase MSCommLib.MSComm del control mscReloj1 no era una clase de control cargada.
Línea 48: la clase MSAdodcLib.Adodc del control adoHorarios no era una clase de control cargada.
Línea 100: la clase MSAdodcLib.Adodc del control adoEmpleado no era una clase de control cargada.
Línea 147: la clase MSAdodcLib.Adodc del control adoEntrada no era una clase de control cargada.
Línea 18: el nombre de la propiedad _ExtentX de mscReloj2 no es válido.
Línea 19: el nombre de la propiedad _ExtentY de mscReloj2 no es válido.
Línea 20: el nombre de la propiedad _Version de mscReloj2 no es válido.
Línea 21: el nombre de la propiedad DTREnable de mscReloj2 no es válido.
Línea 26: el nombre de la propiedad _ExtentX de mscReloj1 no es válido.
Línea 27: el nombre de la propiedad _ExtentY de mscReloj1 no es válido.
Línea 28: el nombre de la propiedad _Version de mscReloj1 no es válido.
Línea 29: el nombre de la propiedad DTREnable de mscReloj1 no es válido.
Línea 54: el nombre de la propiedad _ExtentX de adoHorarios no es válido.
Línea 55: el nombre de la propiedad _ExtentY de adoHorarios no es válido.
Línea 56: el nombre de la propiedad ConnectMode de adoHorarios no es válido.
Línea 57: el nombre de la propiedad CursorLocation de adoHorarios no es válido.
Línea 58: el nombre de la propiedad IsolationLevel de adoHorarios no es válido.
Línea 59: el nombre de la propiedad ConnectionTimeout de adoHorarios no es válido.
Línea 60: el nombre de la propiedad CommandTimeout de adoHorarios no es válido.
Línea 61: el nombre de la propiedad CursorType de adoHorarios no es válido.
Línea 62: el nombre de la propiedad LockType de adoHorarios no es válido.
Línea 63: el nombre de la propiedad CommandType de adoHorarios no es válido.
Línea 64: el nombre de la propiedad CursorOptions de adoHorarios no es válido.
Línea 65: el nombre de la propiedad CacheSize de adoHorarios no es válido.
Línea 66: el nombre de la propiedad MaxRecords de adoHorarios no es válido.
Línea 67: el nombre de la propiedad BOFAction de adoHorarios no es válido.
Línea 68: el nombre de la propiedad EOFAction de adoHorarios no es válido.
Línea 69: el nombre de la propiedad ConnectStringType de adoHorarios no es válido.
Línea 73: el nombre de la propiedad Orientation de adoHorarios no es válido.
Línea 75: el nombre de la propiedad Connect de adoHorarios no es válido.
Línea 76: el nombre de la propiedad OLEDBString de adoHorarios no es válido.
Línea 77: el nombre de la propiedad OLEDBFile de adoHorarios no es válido.
Línea 78: el nombre de la propiedad DataSourceName de adoHorarios no es válido.
Línea 79: el nombre de la propiedad OtherAttributes de adoHorarios no es válido.
Línea 80: el nombre de la propiedad UserName de adoHorarios no es válido.
Línea 81: el nombre de la propiedad Password de adoHorarios no es válido.
Línea 82: el nombre de la propiedad RecordSource de adoHorarios no es válido.
Línea 83: el nombre de la propiedad Caption de adoHorarios no es válido.
Línea 93: el nombre de la propiedad _Version de adoHorarios no es válido.
Línea 106: el nombre de la propiedad _ExtentX de adoEmpleado no es válido.
Línea 107: el nombre de la propiedad _ExtentY de adoEmpleado no es válido.
Línea 108: el nombre de la propiedad ConnectMode de adoEmpleado no es válido.
Línea 109: el nombre de la propiedad CursorLocation de adoEmpleado no es válido.
Línea 110: el nombre de la propiedad IsolationLevel de adoEmpleado no es válido.
Línea 111: el nombre de la propiedad ConnectionTimeout de adoEmpleado no es válido.
Línea 112: el nombre de la propiedad CommandTimeout de adoEmpleado no es válido.
Línea 113: el nombre de la propiedad CursorType de adoEmpleado no es válido.
Línea 114: el nombre de la propiedad LockType de adoEmpleado no es válido.
Línea 115: el nombre de la propiedad CommandType de adoEmpleado no es válido.
Línea 116: el nombre de la propiedad CursorOptions de adoEmpleado no es válido.
Línea 117: el nombre de la propiedad CacheSize de adoEmpleado no es válido.
Línea 118: el nombre de la propiedad MaxRecords de adoEmpleado no es válido.
Línea 119: el nombre de la propiedad BOFAction de adoEmpleado no es válido.
Línea 120: el nombre de la propiedad EOFAction de adoEmpleado no es válido.
Línea 121: el nombre de la propiedad ConnectStringType de adoEmpleado no es válido.
Línea 125: el nombre de la propiedad Orientation de adoEmpleado no es válido.
Línea 127: el nombre de la propiedad Connect de adoEmpleado no es válido.
Línea 128: el nombre de la propiedad OLEDBString de adoEmpleado no es válido.
Línea 129: el nombre de la propiedad OLEDBFile de adoEmpleado no es válido.
Línea 130: el nombre de la propiedad DataSourceName de adoEmpleado no es válido.
Línea 131: el nombre de la propiedad OtherAttributes de adoEmpleado no es válido.
Línea 132: el nombre de la propiedad UserName de adoEmpleado no es válido.
Línea 133: el nombre de la propiedad Password de adoEmpleado no es válido.
Línea 134: el nombre de la propiedad RecordSource de adoEmpleado no es válido.
Línea 135: el nombre de la propiedad Caption de adoEmpleado no es válido.
Línea 145: el nombre de la propiedad _Version de adoEmpleado no es válido.
Línea 153: el nombre de la propiedad _ExtentX de adoEntrada no es válido.
Línea 154: el nombre de la propiedad _ExtentY de adoEntrada no es válido.
Línea 155: el nombre de la propiedad ConnectMode de adoEntrada no es válido.
Línea 156: el nombre de la propiedad CursorLocation de adoEntrada no es válido.
Línea 157: el nombre de la propiedad IsolationLevel de adoEntrada no es válido.
Línea 158: el nombre de la propiedad ConnectionTimeout de adoEntrada no es válido.
Línea 159: el nombre de la propiedad CommandTimeout de adoEntrada no es válido.
Línea 160: el nombre de la propiedad CursorType de adoEntrada no es válido.
Línea 161: el nombre de la propiedad LockType de adoEntrada no es válido.
Línea 162: el nombre de la propiedad CommandType de adoEntrada no es válido.
Línea 163: el nombre de la propiedad CursorOptions de adoEntrada no es válido.
Línea 164: el nombre de la propiedad CacheSize de adoEntrada no es válido.
Línea 165: el nombre de la propiedad MaxRecords de adoEntrada no es válido.
Línea 166: el nombre de la propiedad BOFAction de adoEntrada no es válido.
Línea 167: el nombre de la propiedad EOFAction de adoEntrada no es válido.
Línea 168: el nombre de la propiedad ConnectStringType de adoEntrada no es válido.
Línea 172: el nombre de la propiedad Orientation de adoEntrada no es válido.
Línea 174: el nombre de la propiedad Connect de adoEntrada no es válido.
Línea 175: el nombre de la propiedad OLEDBString de adoEntrada no es válido.
Línea 176: el nombre de la propiedad OLEDBFile de adoEntrada no es válido.
Línea 177: el nombre de la propiedad DataSourceName de adoEntrada no es válido.
Línea 178: el nombre de la propiedad OtherAttributes de adoEntrada no es válido.
Línea 179: el nombre de la propiedad UserName de adoEntrada no es válido.
Línea 180: el nombre de la propiedad Password de adoEntrada no es válido.
Línea 181: el nombre de la propiedad RecordSource de adoEntrada no es válido.
Línea 182: el nombre de la propiedad Caption de adoEntrada no es válido.
Línea 192: el nombre de la propiedad _Version de adoEntrada no es válido.
