Línea 116: la clase XtremeSuiteControls.PushButton del control CmdGrabar no era una clase de control cargada.
Línea 132: la clase XtremeSuiteControls.PushButton del control CmdSalir no era una clase de control cargada.
Línea 148: la clase XtremeSuiteControls.GroupBox del control GroupBox1 no era una clase de control cargada.
Línea 233: la clase XtremeSuiteControls.PushButton del control Command1 no era una clase de control cargada.
Línea 248: la clase XtremeSuiteControls.PushButton del control CmdProAguinaldo no era una clase de control cargada.
Línea 263: la clase XtremeSuiteControls.PushButton del control CmdPrevVaca no era una clase de control cargada.
Línea 278: la clase XtremeSuiteControls.PushButton del control CmdInssPatronal no era una clase de control cargada.
Línea 293: la clase XtremeSuiteControls.PushButton del control CmdInatec no era una clase de control cargada.
Línea 308: la clase XtremeSuiteControls.PushButton del control CmdHorasExtras no era una clase de control cargada.
Línea 323: la clase XtremeSuiteControls.PushButton del control CmdOtrosIngresos no era una clase de control cargada.
Línea 338: la clase XtremeSuiteControls.PushButton del control PushButton3 no era una clase de control cargada.
Línea 420: la clase XtremeSuiteControls.GroupBox del control GroupBox2 no era una clase de control cargada.
Línea 513: la clase XtremeSuiteControls.PushButton del control CmdInssPagar no era una clase de control cargada.
Línea 528: la clase XtremeSuiteControls.PushButton del control CmdIRpagar no era una clase de control cargada.
Línea 543: la clase XtremeSuiteControls.PushButton del control CmdPrestamo no era una clase de control cargada.
Línea 558: la clase XtremeSuiteControls.PushButton del control CmdPasivoAguinaldo no era una clase de control cargada.
Línea 573: la clase XtremeSuiteControls.PushButton del control CmdPasivoVaca no era una clase de control cargada.
Línea 588: la clase XtremeSuiteControls.PushButton del control CmdInstecPagar no era una clase de control cargada.
Línea 603: la clase XtremeSuiteControls.PushButton del control CmdNominaPagar no era una clase de control cargada.
Línea 618: la clase XtremeSuiteControls.PushButton del control PushButton1 no era una clase de control cargada.
Línea 633: la clase XtremeSuiteControls.PushButton del control PushButton2 no era una clase de control cargada.
