Línea 23: la clase MSAdodcLib.Adodc del control AdoEmpleados no era una clase de control cargada.
Línea 69: la clase MSAdodcLib.Adodc del control AdoElimina no era una clase de control cargada.
Línea 115: la clase MSAdodcLib.Adodc del control AdoSalarios no era una clase de control cargada.
Línea 161: la clase MSAdodcLib.Adodc del control AdoInicioAño no era una clase de control cargada.
Línea 207: la clase MSAdodcLib.Adodc del control AdoAntiguedad no era una clase de control cargada.
Línea 253: la clase Progress.osProgress del control osProgress no era una clase de control cargada.
Línea 305: la clase MSAdodcLib.Adodc del control DtaNominas no era una clase de control cargada.
Línea 351: la clase MSAdodcLib.Adodc del control DtaPrestamo no era una clase de control cargada.
Línea 397: la clase MSAdodcLib.Adodc del control DtaDeducciones no era una clase de control cargada.
Línea 443: la clase MSAdodcLib.Adodc del control DtaHrsExtras no era una clase de control cargada.
Línea 489: la clase MSAdodcLib.Adodc del control DtaConsulta no era una clase de control cargada.
Línea 535: la clase MSAdodcLib.Adodc del control DtaTipoNomina no era una clase de control cargada.
Línea 581: la clase MSAdodcLib.Adodc del control DtaInss no era una clase de control cargada.
Línea 627: la clase MSAdodcLib.Adodc del control DtaHistorico no era una clase de control cargada.
Línea 673: la clase MSAdodcLib.Adodc del control DtaDeduccion no era una clase de control cargada.
Línea 719: la clase MSAdodcLib.Adodc del control DtaEmpleado no era una clase de control cargada.
Línea 765: la clase MSAdodcLib.Adodc del control DtaControles no era una clase de control cargada.
Línea 811: la clase MSAdodcLib.Adodc del control DtaAdelanto no era una clase de control cargada.
Línea 857: la clase MSAdodcLib.Adodc del control DtaBajas no era una clase de control cargada.
Línea 903: la clase MSAdodcLib.Adodc del control DtaIR no era una clase de control cargada.
Línea 957: la clase TabDlg.SSTab del control SSTab1 no era una clase de control cargada.
Línea 1182: la clase TrueOleDBGrid70.TDBGrid del control TDBGrid1 no era una clase de control cargada.
Línea 1388: la clase ACTIVESKINLibCtl.SkinLabel del control SkinLabel7 no era una clase de control cargada.
Línea 1396: la clase ACTIVESKINLibCtl.SkinLabel del control SkinLabel6 no era una clase de control cargada.
Línea 1404: la clase ACTIVESKINLibCtl.SkinLabel del control SkinLabel5 no era una clase de control cargada.
Línea 1412: la clase ACTIVESKINLibCtl.SkinLabel del control SkinLabel4 no era una clase de control cargada.
Línea 1420: la clase ACTIVESKINLibCtl.SkinLabel del control SkinLabel3 no era una clase de control cargada.
Línea 1428: la clase ACTIVESKINLibCtl.SkinLabel del control SkinLabel2 no era una clase de control cargada.
Línea 1511: la clase ACTIVESKINLibCtl.SkinLabel del control SkinLabel1 no era una clase de control cargada.
Línea 1519: la clase MSComCtl2.DTPicker del control TxtUltFechaNomina no era una clase de control cargada.
Línea 1531: la clase MSComCtl2.DTPicker del control TxtFechaHistorial no era una clase de control cargada.
Línea 1740: la clase MSComCtl2.DTPicker del control DTPFechaIniAgui no era una clase de control cargada.
Línea 1752: la clase MSComCtl2.DTPicker del control DTPFechaIniVaca no era una clase de control cargada.
Línea 1764: la clase Threed.SSCommand del control TxtSalarios no era una clase de control cargada.
Línea 1791: la clase SmartButtonProject.SmartButton del control CmdImprimirHistorial no era una clase de control cargada.
Línea 1811: la clase SmartButtonProject.SmartButton del control CmdDetalle no era una clase de control cargada.
Línea 1832: la clase TrueOleDBGrid70.TDBGrid del control TDBGridSalarios no era una clase de control cargada.
Línea 2086: la clase Threed.SSCommand del control CmdAcercade no era una clase de control cargada.
Línea 2113: la clase ACTIVESKINLibCtl.Skin del control Skin1 no era una clase de control cargada.
