Línea 15: la clase MSAdodcLib.Adodc del control adoExtraTurno no era una clase de control cargada.
Línea 62: la clase MSAdodcLib.Adodc del control adoTurno no era una clase de control cargada.
Línea 109: la clase MSAdodcLib.Adodc del control adoSabados no era una clase de control cargada.
Línea 156: la clase MSCommLib.MSComm del control mscReloj2 no era una clase de control cargada.
Línea 164: la clase MSCommLib.MSComm del control mscReloj1 no era una clase de control cargada.
Línea 189: la clase MSAdodcLib.Adodc del control adoHorarios no era una clase de control cargada.
Línea 241: la clase MSAdodcLib.Adodc del control adoEmpleado no era una clase de control cargada.
Línea 288: la clase MSAdodcLib.Adodc del control adoEntrada no era una clase de control cargada.
Línea 21: el nombre de la propiedad _ExtentX de adoExtraTurno no es válido.
Línea 22: el nombre de la propiedad _ExtentY de adoExtraTurno no es válido.
Línea 23: el nombre de la propiedad ConnectMode de adoExtraTurno no es válido.
Línea 24: el nombre de la propiedad CursorLocation de adoExtraTurno no es válido.
Línea 25: el nombre de la propiedad IsolationLevel de adoExtraTurno no es válido.
Línea 26: el nombre de la propiedad ConnectionTimeout de adoExtraTurno no es válido.
Línea 27: el nombre de la propiedad CommandTimeout de adoExtraTurno no es válido.
Línea 28: el nombre de la propiedad CursorType de adoExtraTurno no es válido.
Línea 29: el nombre de la propiedad LockType de adoExtraTurno no es válido.
Línea 30: el nombre de la propiedad CommandType de adoExtraTurno no es válido.
Línea 31: el nombre de la propiedad CursorOptions de adoExtraTurno no es válido.
Línea 32: el nombre de la propiedad CacheSize de adoExtraTurno no es válido.
Línea 33: el nombre de la propiedad MaxRecords de adoExtraTurno no es válido.
Línea 34: el nombre de la propiedad BOFAction de adoExtraTurno no es válido.
Línea 35: el nombre de la propiedad EOFAction de adoExtraTurno no es válido.
Línea 36: el nombre de la propiedad ConnectStringType de adoExtraTurno no es válido.
Línea 40: el nombre de la propiedad Orientation de adoExtraTurno no es válido.
Línea 42: el nombre de la propiedad Connect de adoExtraTurno no es válido.
Línea 43: el nombre de la propiedad OLEDBString de adoExtraTurno no es válido.
Línea 44: el nombre de la propiedad OLEDBFile de adoExtraTurno no es válido.
Línea 45: el nombre de la propiedad DataSourceName de adoExtraTurno no es válido.
Línea 46: el nombre de la propiedad OtherAttributes de adoExtraTurno no es válido.
Línea 47: el nombre de la propiedad UserName de adoExtraTurno no es válido.
Línea 48: el nombre de la propiedad Password de adoExtraTurno no es válido.
Línea 49: el nombre de la propiedad RecordSource de adoExtraTurno no es válido.
Línea 50: el nombre de la propiedad Caption de adoExtraTurno no es válido.
Línea 60: el nombre de la propiedad _Version de adoExtraTurno no es válido.
Línea 68: el nombre de la propiedad _ExtentX de adoTurno no es válido.
Línea 69: el nombre de la propiedad _ExtentY de adoTurno no es válido.
Línea 70: el nombre de la propiedad ConnectMode de adoTurno no es válido.
Línea 71: el nombre de la propiedad CursorLocation de adoTurno no es válido.
Línea 72: el nombre de la propiedad IsolationLevel de adoTurno no es válido.
Línea 73: el nombre de la propiedad ConnectionTimeout de adoTurno no es válido.
Línea 74: el nombre de la propiedad CommandTimeout de adoTurno no es válido.
Línea 75: el nombre de la propiedad CursorType de adoTurno no es válido.
Línea 76: el nombre de la propiedad LockType de adoTurno no es válido.
Línea 77: el nombre de la propiedad CommandType de adoTurno no es válido.
Línea 78: el nombre de la propiedad CursorOptions de adoTurno no es válido.
Línea 79: el nombre de la propiedad CacheSize de adoTurno no es válido.
Línea 80: el nombre de la propiedad MaxRecords de adoTurno no es válido.
Línea 81: el nombre de la propiedad BOFAction de adoTurno no es válido.
Línea 82: el nombre de la propiedad EOFAction de adoTurno no es válido.
Línea 83: el nombre de la propiedad ConnectStringType de adoTurno no es válido.
Línea 87: el nombre de la propiedad Orientation de adoTurno no es válido.
Línea 89: el nombre de la propiedad Connect de adoTurno no es válido.
Línea 90: el nombre de la propiedad OLEDBString de adoTurno no es válido.
Línea 91: el nombre de la propiedad OLEDBFile de adoTurno no es válido.
Línea 92: el nombre de la propiedad DataSourceName de adoTurno no es válido.
Línea 93: el nombre de la propiedad OtherAttributes de adoTurno no es válido.
Línea 94: el nombre de la propiedad UserName de adoTurno no es válido.
Línea 95: el nombre de la propiedad Password de adoTurno no es válido.
Línea 96: el nombre de la propiedad RecordSource de adoTurno no es válido.
Línea 97: el nombre de la propiedad Caption de adoTurno no es válido.
Línea 107: el nombre de la propiedad _Version de adoTurno no es válido.
Línea 115: el nombre de la propiedad _ExtentX de adoSabados no es válido.
Línea 116: el nombre de la propiedad _ExtentY de adoSabados no es válido.
Línea 117: el nombre de la propiedad ConnectMode de adoSabados no es válido.
Línea 118: el nombre de la propiedad CursorLocation de adoSabados no es válido.
Línea 119: el nombre de la propiedad IsolationLevel de adoSabados no es válido.
Línea 120: el nombre de la propiedad ConnectionTimeout de adoSabados no es válido.
Línea 121: el nombre de la propiedad CommandTimeout de adoSabados no es válido.
Línea 122: el nombre de la propiedad CursorType de adoSabados no es válido.
Línea 123: el nombre de la propiedad LockType de adoSabados no es válido.
Línea 124: el nombre de la propiedad CommandType de adoSabados no es válido.
Línea 125: el nombre de la propiedad CursorOptions de adoSabados no es válido.
Línea 126: el nombre de la propiedad CacheSize de adoSabados no es válido.
Línea 127: el nombre de la propiedad MaxRecords de adoSabados no es válido.
Línea 128: el nombre de la propiedad BOFAction de adoSabados no es válido.
Línea 129: el nombre de la propiedad EOFAction de adoSabados no es válido.
Línea 130: el nombre de la propiedad ConnectStringType de adoSabados no es válido.
Línea 134: el nombre de la propiedad Orientation de adoSabados no es válido.
Línea 136: el nombre de la propiedad Connect de adoSabados no es válido.
Línea 137: el nombre de la propiedad OLEDBString de adoSabados no es válido.
Línea 138: el nombre de la propiedad OLEDBFile de adoSabados no es válido.
Línea 139: el nombre de la propiedad DataSourceName de adoSabados no es válido.
Línea 140: el nombre de la propiedad OtherAttributes de adoSabados no es válido.
Línea 141: el nombre de la propiedad UserName de adoSabados no es válido.
Línea 142: el nombre de la propiedad Password de adoSabados no es válido.
Línea 143: el nombre de la propiedad RecordSource de adoSabados no es válido.
Línea 144: el nombre de la propiedad Caption de adoSabados no es válido.
Línea 154: el nombre de la propiedad _Version de adoSabados no es válido.
Línea 159: el nombre de la propiedad _ExtentX de mscReloj2 no es válido.
Línea 160: el nombre de la propiedad _ExtentY de mscReloj2 no es válido.
Línea 161: el nombre de la propiedad _Version de mscReloj2 no es válido.
Línea 162: el nombre de la propiedad DTREnable de mscReloj2 no es válido.
Línea 167: el nombre de la propiedad _ExtentX de mscReloj1 no es válido.
Línea 168: el nombre de la propiedad _ExtentY de mscReloj1 no es válido.
Línea 169: el nombre de la propiedad _Version de mscReloj1 no es válido.
Línea 170: el nombre de la propiedad DTREnable de mscReloj1 no es válido.
Línea 195: el nombre de la propiedad _ExtentX de adoHorarios no es válido.
Línea 196: el nombre de la propiedad _ExtentY de adoHorarios no es válido.
Línea 197: el nombre de la propiedad ConnectMode de adoHorarios no es válido.
Línea 198: el nombre de la propiedad CursorLocation de adoHorarios no es válido.
Línea 199: el nombre de la propiedad IsolationLevel de adoHorarios no es válido.
Línea 200: el nombre de la propiedad ConnectionTimeout de adoHorarios no es válido.
Línea 201: el nombre de la propiedad CommandTimeout de adoHorarios no es válido.
Línea 202: el nombre de la propiedad CursorType de adoHorarios no es válido.
Línea 203: el nombre de la propiedad LockType de adoHorarios no es válido.
Línea 204: el nombre de la propiedad CommandType de adoHorarios no es válido.
Línea 205: el nombre de la propiedad CursorOptions de adoHorarios no es válido.
Línea 206: el nombre de la propiedad CacheSize de adoHorarios no es válido.
Línea 207: el nombre de la propiedad MaxRecords de adoHorarios no es válido.
Línea 208: el nombre de la propiedad BOFAction de adoHorarios no es válido.
Línea 209: el nombre de la propiedad EOFAction de adoHorarios no es válido.
Línea 210: el nombre de la propiedad ConnectStringType de adoHorarios no es válido.
Línea 214: el nombre de la propiedad Orientation de adoHorarios no es válido.
Línea 216: el nombre de la propiedad Connect de adoHorarios no es válido.
Línea 217: el nombre de la propiedad OLEDBString de adoHorarios no es válido.
Línea 218: el nombre de la propiedad OLEDBFile de adoHorarios no es válido.
Línea 219: el nombre de la propiedad DataSourceName de adoHorarios no es válido.
Línea 220: el nombre de la propiedad OtherAttributes de adoHorarios no es válido.
Línea 221: el nombre de la propiedad UserName de adoHorarios no es válido.
Línea 222: el nombre de la propiedad Password de adoHorarios no es válido.
Línea 223: el nombre de la propiedad RecordSource de adoHorarios no es válido.
Línea 224: el nombre de la propiedad Caption de adoHorarios no es válido.
Línea 234: el nombre de la propiedad _Version de adoHorarios no es válido.
Línea 247: el nombre de la propiedad _ExtentX de adoEmpleado no es válido.
Línea 248: el nombre de la propiedad _ExtentY de adoEmpleado no es válido.
Línea 249: el nombre de la propiedad ConnectMode de adoEmpleado no es válido.
Línea 250: el nombre de la propiedad CursorLocation de adoEmpleado no es válido.
Línea 251: el nombre de la propiedad IsolationLevel de adoEmpleado no es válido.
Línea 252: el nombre de la propiedad ConnectionTimeout de adoEmpleado no es válido.
Línea 253: el nombre de la propiedad CommandTimeout de adoEmpleado no es válido.
Línea 254: el nombre de la propiedad CursorType de adoEmpleado no es válido.
Línea 255: el nombre de la propiedad LockType de adoEmpleado no es válido.
Línea 256: el nombre de la propiedad CommandType de adoEmpleado no es válido.
Línea 257: el nombre de la propiedad CursorOptions de adoEmpleado no es válido.
Línea 258: el nombre de la propiedad CacheSize de adoEmpleado no es válido.
Línea 259: el nombre de la propiedad MaxRecords de adoEmpleado no es válido.
Línea 260: el nombre de la propiedad BOFAction de adoEmpleado no es válido.
Línea 261: el nombre de la propiedad EOFAction de adoEmpleado no es válido.
Línea 262: el nombre de la propiedad ConnectStringType de adoEmpleado no es válido.
Línea 266: el nombre de la propiedad Orientation de adoEmpleado no es válido.
Línea 268: el nombre de la propiedad Connect de adoEmpleado no es válido.
Línea 269: el nombre de la propiedad OLEDBString de adoEmpleado no es válido.
Línea 270: el nombre de la propiedad OLEDBFile de adoEmpleado no es válido.
Línea 271: el nombre de la propiedad DataSourceName de adoEmpleado no es válido.
Línea 272: el nombre de la propiedad OtherAttributes de adoEmpleado no es válido.
Línea 273: el nombre de la propiedad UserName de adoEmpleado no es válido.
Línea 274: el nombre de la propiedad Password de adoEmpleado no es válido.
Línea 275: el nombre de la propiedad RecordSource de adoEmpleado no es válido.
Línea 276: el nombre de la propiedad Caption de adoEmpleado no es válido.
Línea 286: el nombre de la propiedad _Version de adoEmpleado no es válido.
Línea 294: el nombre de la propiedad _ExtentX de adoEntrada no es válido.
Línea 295: el nombre de la propiedad _ExtentY de adoEntrada no es válido.
Línea 296: el nombre de la propiedad ConnectMode de adoEntrada no es válido.
Línea 297: el nombre de la propiedad CursorLocation de adoEntrada no es válido.
Línea 298: el nombre de la propiedad IsolationLevel de adoEntrada no es válido.
Línea 299: el nombre de la propiedad ConnectionTimeout de adoEntrada no es válido.
Línea 300: el nombre de la propiedad CommandTimeout de adoEntrada no es válido.
Línea 301: el nombre de la propiedad CursorType de adoEntrada no es válido.
Línea 302: el nombre de la propiedad LockType de adoEntrada no es válido.
Línea 303: el nombre de la propiedad CommandType de adoEntrada no es válido.
Línea 304: el nombre de la propiedad CursorOptions de adoEntrada no es válido.
Línea 305: el nombre de la propiedad CacheSize de adoEntrada no es válido.
Línea 306: el nombre de la propiedad MaxRecords de adoEntrada no es válido.
Línea 307: el nombre de la propiedad BOFAction de adoEntrada no es válido.
Línea 308: el nombre de la propiedad EOFAction de adoEntrada no es válido.
Línea 309: el nombre de la propiedad ConnectStringType de adoEntrada no es válido.
Línea 313: el nombre de la propiedad Orientation de adoEntrada no es válido.
Línea 315: el nombre de la propiedad Connect de adoEntrada no es válido.
Línea 316: el nombre de la propiedad OLEDBString de adoEntrada no es válido.
Línea 317: el nombre de la propiedad OLEDBFile de adoEntrada no es válido.
Línea 318: el nombre de la propiedad DataSourceName de adoEntrada no es válido.
Línea 319: el nombre de la propiedad OtherAttributes de adoEntrada no es válido.
Línea 320: el nombre de la propiedad UserName de adoEntrada no es válido.
Línea 321: el nombre de la propiedad Password de adoEntrada no es válido.
Línea 322: el nombre de la propiedad RecordSource de adoEntrada no es válido.
Línea 323: el nombre de la propiedad Caption de adoEntrada no es válido.
Línea 333: el nombre de la propiedad _Version de adoEntrada no es válido.
